2023-08-14 13:59:05.304 [info] Log level: Info
2023-08-14 13:59:05.304 [info] Validating found git in: "git"
2023-08-14 13:59:05.304 [info] Using git "2.25.1" from "git"
2023-08-14 13:59:05.305 [info] > git rev-parse --show-toplevel [33ms]
2023-08-14 13:59:05.311 [info] > git rev-parse --git-dir --git-common-dir [3ms]
2023-08-14 13:59:05.338 [info] Open repository: /home/ubuntu
2023-08-14 13:59:05.360 [info] > git config --get commit.template [9ms]
2023-08-14 13:59:05.375 [info] No remotes found in the git config file.
2023-08-14 13:59:05.376 [info] > git rev-parse --show-toplevel [19ms]
2023-08-14 13:59:05.386 [info] > git for-each-ref --format=%(refname)%00%(upstream:short)%00%(objectname)%00%(upstream:track)%00%(upstream:remotename)%00%(upstream:remoteref) refs/heads/master refs/remotes/master [12ms]
2023-08-14 13:59:05.403 [info] > git fetch [66ms]
2023-08-14 13:59:05.411 [info] > git rev-parse --show-toplevel [26ms]
2023-08-14 13:59:05.424 [info] > git status -z -uall [22ms] (cancelled)
2023-08-14 13:59:05.427 [info] > git config --get commit.template [9ms]
2023-08-14 13:59:05.432 [info] No remotes found in the git config file.
2023-08-14 13:59:05.437 [info] No remotes found in the git config file.
2023-08-14 13:59:05.443 [info] > git config --get commit.template [20ms]
2023-08-14 13:59:05.444 [info] > git for-each-ref --format=%(refname)%00%(upstream:short)%00%(objectname)%00%(upstream:track)%00%(upstream:remotename)%00%(upstream:remoteref) refs/heads/master refs/remotes/master [7ms]
2023-08-14 13:59:05.449 [info] > git for-each-ref --format=%(refname)%00%(upstream:short)%00%(objectname)%00%(upstream:track)%00%(upstream:remotename)%00%(upstream:remoteref) refs/heads/master refs/remotes/master [17ms]
2023-08-14 13:59:05.452 [info] > git rev-parse --show-toplevel [10ms]
2023-08-14 13:59:05.461 [info] > git rev-parse --show-toplevel [3ms]
2023-08-14 13:59:05.475 [info] > git rev-parse --show-toplevel [5ms]
2023-08-14 13:59:05.500 [info] > git rev-parse --show-toplevel [14ms]
2023-08-14 13:59:05.515 [info] > git rev-parse --git-dir --git-common-dir [8ms]
2023-08-14 13:59:05.526 [info] Open repository: /home/ubuntu/ansible-config-mgt
2023-08-14 13:59:05.556 [info] > git status -z -uall [107ms]
2023-08-14 13:59:05.569 [info] > git for-each-ref --format=%(refname)%00%(upstream:short)%00%(objectname)%00%(upstream:track)%00%(upstream:remotename)%00%(upstream:remoteref) refs/heads/main refs/remotes/main [14ms]
2023-08-14 13:59:05.569 [info] > git config --get commit.template [24ms]
2023-08-14 13:59:05.578 [info] > git status -z -uall [6ms]
2023-08-14 13:59:05.594 [info] > git config --get commit.template [5ms]
2023-08-14 13:59:05.599 [info] > git for-each-ref --format=%(refname)%00%(upstream:short)%00%(objectname)%00%(upstream:track)%00%(upstream:remotename)%00%(upstream:remoteref) refs/heads/main refs/remotes/main [6ms]
2023-08-14 13:59:05.607 [info] > git status -z -uall [5ms]
2023-08-14 13:59:06.156 [info] > git check-ignore -v -z --stdin [32ms]
2023-08-14 13:59:06.159 [info] > git check-ignore -v -z --stdin [43ms]
2023-08-14 13:59:06.256 [info] > git fetch [728ms]
2023-08-14 13:59:06.307 [info] > git config --get commit.template [27ms]
2023-08-14 13:59:06.326 [info] > git for-each-ref --format=%(refname)%00%(upstream:short)%00%(objectname)%00%(upstream:track)%00%(upstream:remotename)%00%(upstream:remoteref) refs/heads/main refs/remotes/main [8ms]
2023-08-14 13:59:06.334 [info] > git status -z -uall [5ms]
2023-08-14 13:59:07.077 [info] No remotes found in the git config file.
2023-08-14 13:59:07.081 [info] > git config --get commit.template [8ms]
2023-08-14 13:59:07.085 [info] > git for-each-ref --format=%(refname)%00%(upstream:short)%00%(objectname)%00%(upstream:track)%00%(upstream:remotename)%00%(upstream:remoteref) refs/heads/master refs/remotes/master [8ms]
2023-08-14 13:59:07.230 [info] > git status -z -uall [142ms]
2023-08-14 13:59:07.378 [info] > git config --get commit.template [12ms]
2023-08-14 13:59:07.387 [info] > git for-each-ref --format=%(refname)%00%(upstream:short)%00%(objectname)%00%(upstream:track)%00%(upstream:remotename)%00%(upstream:remoteref) refs/heads/main refs/remotes/main [10ms]
2023-08-14 13:59:07.397 [info] > git status -z -uall [7ms]
2023-08-14 13:59:12.242 [info] No remotes found in the git config file.
2023-08-14 13:59:12.257 [info] > git config --get commit.template [15ms]
2023-08-14 13:59:12.259 [info] > git for-each-ref --format=%(refname)%00%(upstream:short)%00%(objectname)%00%(upstream:track)%00%(upstream:remotename)%00%(upstream:remoteref) refs/heads/master refs/remotes/master [14ms]
2023-08-14 13:59:12.389 [info] > git status -z -uall [127ms]
2023-08-14 13:59:20.542 [info] No remotes found in the git config file.
2023-08-14 13:59:20.544 [info] > git config --get commit.template [7ms]
2023-08-14 13:59:20.547 [info] > git for-each-ref --format=%(refname)%00%(upstream:short)%00%(objectname)%00%(upstream:track)%00%(upstream:remotename)%00%(upstream:remoteref) refs/heads/master refs/remotes/master [5ms]
2023-08-14 13:59:20.581 [info] > git status -z -uall [31ms]
2023-08-14 13:59:33.708 [info] No remotes found in the git config file.
2023-08-14 13:59:33.709 [info] > git config --get commit.template [12ms]
2023-08-14 13:59:33.713 [info] > git for-each-ref --format=%(refname)%00%(upstream:short)%00%(objectname)%00%(upstream:track)%00%(upstream:remotename)%00%(upstream:remoteref) refs/heads/master refs/remotes/master [5ms]
2023-08-14 13:59:33.733 [info] > git status -z -uall [17ms]
2023-08-14 13:59:44.507 [info] No remotes found in the git config file.
2023-08-14 13:59:44.531 [info] > git config --get commit.template [24ms]
2023-08-14 13:59:44.533 [info] > git for-each-ref --format=%(refname)%00%(upstream:short)%00%(objectname)%00%(upstream:track)%00%(upstream:remotename)%00%(upstream:remoteref) refs/heads/master refs/remotes/master [21ms]
2023-08-14 13:59:44.598 [info] > git status -z -uall [62ms]
2023-08-14 14:00:03.360 [info] No remotes found in the git config file.
2023-08-14 14:00:03.364 [info] > git config --get commit.template [7ms]
2023-08-14 14:00:03.366 [info] > git for-each-ref --format=%(refname)%00%(upstream:short)%00%(objectname)%00%(upstream:track)%00%(upstream:remotename)%00%(upstream:remoteref) refs/heads/master refs/remotes/master [6ms]
2023-08-14 14:00:03.388 [info] > git status -z -uall [19ms]
2023-08-14 14:00:04.165 [info] > git check-ignore -v -z --stdin [2ms]
2023-08-14 14:00:05.886 [info] > git check-ignore -v -z --stdin [2ms]
2023-08-14 14:00:08.222 [info] > git ls-files --stage -- /home/ubuntu/ansible-config-mgt/inventory/dev.yml [3ms]
2023-08-14 14:00:08.226 [info] > git show --textconv :inventory/dev.yml [12ms]
2023-08-14 14:00:08.229 [info] > git cat-file -s bcf8aad484ed63461f5fcce10dbe891154d7e47f [3ms]
2023-08-14 14:00:08.401 [info] No remotes found in the git config file.
2023-08-14 14:00:08.401 [info] > git config --get commit.template [5ms]
2023-08-14 14:00:08.403 [info] > git for-each-ref --format=%(refname)%00%(upstream:short)%00%(objectname)%00%(upstream:track)%00%(upstream:remotename)%00%(upstream:remoteref) refs/heads/master refs/remotes/master [3ms]
2023-08-14 14:00:08.423 [info] > git status -z -uall [17ms]
2023-08-14 14:00:11.153 [info] > git show --textconv :inventory/prod.yml [5ms]
2023-08-14 14:00:11.156 [info] > git ls-files --stage -- /home/ubuntu/ansible-config-mgt/inventory/prod.yml [4ms]
2023-08-14 14:00:11.161 [info] > git cat-file -s e69de29bb2d1d6434b8b29ae775ad8c2e48c5391 [2ms]
2023-08-14 14:00:13.435 [info] No remotes found in the git config file.
2023-08-14 14:00:13.436 [info] > git config --get commit.template [6ms]
2023-08-14 14:00:13.438 [info] > git for-each-ref --format=%(refname)%00%(upstream:short)%00%(objectname)%00%(upstream:track)%00%(upstream:remotename)%00%(upstream:remoteref) refs/heads/master refs/remotes/master [3ms]
2023-08-14 14:00:13.457 [info] > git status -z -uall [15ms]
2023-08-14 14:00:17.800 [info] > git check-ignore -v -z --stdin [3ms]
2023-08-14 14:00:18.477 [info] No remotes found in the git config file.
2023-08-14 14:00:18.477 [info] > git config --get commit.template [6ms]
2023-08-14 14:00:18.480 [info] > git for-each-ref --format=%(refname)%00%(upstream:short)%00%(objectname)%00%(upstream:track)%00%(upstream:remotename)%00%(upstream:remoteref) refs/heads/master refs/remotes/master [3ms]
2023-08-14 14:00:18.503 [info] > git status -z -uall [21ms]
2023-08-14 14:00:18.891 [info] > git show --textconv :playbooks/common.yml [6ms]
2023-08-14 14:00:18.894 [info] > git ls-files --stage -- /home/ubuntu/ansible-config-mgt/playbooks/common.yml [4ms]
2023-08-14 14:00:18.899 [info] > git cat-file -s 48edc15ad2d243ecfac6e39d936896f9554f3999 [1ms]
2023-08-14 14:00:23.516 [info] No remotes found in the git config file.
2023-08-14 14:00:23.516 [info] > git config --get commit.template [5ms]
2023-08-14 14:00:23.519 [info] > git for-each-ref --format=%(refname)%00%(upstream:short)%00%(objectname)%00%(upstream:track)%00%(upstream:remotename)%00%(upstream:remoteref) refs/heads/master refs/remotes/master [4ms]
2023-08-14 14:00:23.537 [info] > git status -z -uall [15ms]
2023-08-14 14:00:41.305 [info] No remotes found in the git config file.
2023-08-14 14:00:41.306 [info] > git config --get commit.template [5ms]
2023-08-14 14:00:41.308 [info] > git for-each-ref --format=%(refname)%00%(upstream:short)%00%(objectname)%00%(upstream:track)%00%(upstream:remotename)%00%(upstream:remoteref) refs/heads/master refs/remotes/master [2ms]
2023-08-14 14:00:41.326 [info] > git status -z -uall [16ms]
2023-08-14 14:00:46.346 [info] No remotes found in the git config file.
2023-08-14 14:00:46.373 [info] > git config --get commit.template [32ms]
2023-08-14 14:00:46.375 [info] > git for-each-ref --format=%(refname)%00%(upstream:short)%00%(objectname)%00%(upstream:track)%00%(upstream:remotename)%00%(upstream:remoteref) refs/heads/master refs/remotes/master [30ms]
2023-08-14 14:00:46.445 [info] > git status -z -uall [67ms]
2023-08-14 14:00:51.457 [info] No remotes found in the git config file.
2023-08-14 14:00:51.457 [info] > git config --get commit.template [5ms]
2023-08-14 14:00:51.459 [info] > git for-each-ref --format=%(refname)%00%(upstream:short)%00%(objectname)%00%(upstream:track)%00%(upstream:remotename)%00%(upstream:remoteref) refs/heads/master refs/remotes/master [3ms]
2023-08-14 14:00:51.477 [info] > git status -z -uall [15ms]
2023-08-14 14:00:56.491 [info] No remotes found in the git config file.
2023-08-14 14:00:56.493 [info] > git config --get commit.template [6ms]
2023-08-14 14:00:56.494 [info] > git for-each-ref --format=%(refname)%00%(upstream:short)%00%(objectname)%00%(upstream:track)%00%(upstream:remotename)%00%(upstream:remoteref) refs/heads/master refs/remotes/master [2ms]
2023-08-14 14:00:56.512 [info] > git status -z -uall [15ms]
2023-08-14 14:01:01.526 [info] No remotes found in the git config file.
2023-08-14 14:01:01.528 [info] > git config --get commit.template [6ms]
2023-08-14 14:01:01.529 [info] > git for-each-ref --format=%(refname)%00%(upstream:short)%00%(objectname)%00%(upstream:track)%00%(upstream:remotename)%00%(upstream:remoteref) refs/heads/master refs/remotes/master [3ms]
2023-08-14 14:01:01.547 [info] > git status -z -uall [15ms]
2023-08-14 14:01:13.936 [info] No remotes found in the git config file.
2023-08-14 14:01:13.937 [info] > git config --get commit.template [5ms]
2023-08-14 14:01:13.939 [info] > git for-each-ref --format=%(refname)%00%(upstream:short)%00%(objectname)%00%(upstream:track)%00%(upstream:remotename)%00%(upstream:remoteref) refs/heads/master refs/remotes/master [3ms]
2023-08-14 14:01:13.957 [info] > git status -z -uall [15ms]
2023-08-14 14:01:18.970 [info] No remotes found in the git config file.
2023-08-14 14:01:18.971 [info] > git config --get commit.template [6ms]
2023-08-14 14:01:18.973 [info] > git for-each-ref --format=%(refname)%00%(upstream:short)%00%(objectname)%00%(upstream:track)%00%(upstream:remotename)%00%(upstream:remoteref) refs/heads/master refs/remotes/master [2ms]
2023-08-14 14:01:18.991 [info] > git status -z -uall [16ms]
2023-08-14 14:01:22.596 [info] > git check-ignore -v -z --stdin [4ms]
2023-08-14 14:01:24.003 [info] No remotes found in the git config file.
2023-08-14 14:01:24.004 [info] > git config --get commit.template [5ms]
2023-08-14 14:01:24.006 [info] > git for-each-ref --format=%(refname)%00%(upstream:short)%00%(objectname)%00%(upstream:track)%00%(upstream:remotename)%00%(upstream:remoteref) refs/heads/master refs/remotes/master [2ms]
2023-08-14 14:01:24.024 [info] > git status -z -uall [15ms]
2023-08-14 14:01:28.714 [info] > git -c user.useConfigOnly=true commit --quiet --allow-empty-message --file - [44ms]
2023-08-14 14:01:28.747 [info] > git config --get commit.template [7ms]
2023-08-14 14:01:28.757 [info] No remotes found in the git config file.
2023-08-14 14:01:28.758 [info] > git config --get commit.template [6ms]
2023-08-14 14:01:28.761 [info] > git for-each-ref --format=%(refname)%00%(upstream:short)%00%(objectname)%00%(upstream:track)%00%(upstream:remotename)%00%(upstream:remoteref) refs/heads/master refs/remotes/master [4ms]
2023-08-14 14:01:28.790 [info] > git status -z -uall [26ms]
2023-08-14 14:01:29.798 [info] No remotes found in the git config file.
2023-08-14 14:01:29.798 [info] > git config --get commit.template [5ms]
2023-08-14 14:01:29.800 [info] > git for-each-ref --format=%(refname)%00%(upstream:short)%00%(objectname)%00%(upstream:track)%00%(upstream:remotename)%00%(upstream:remoteref) refs/heads/master refs/remotes/master [3ms]
2023-08-14 14:01:29.819 [info] > git status -z -uall [15ms]
2023-08-14 14:01:29.832 [info] No remotes found in the git config file.
2023-08-14 14:01:29.832 [info] > git config --get commit.template [5ms]
2023-08-14 14:01:29.834 [info] > git for-each-ref --format=%(refname)%00%(upstream:short)%00%(objectname)%00%(upstream:track)%00%(upstream:remotename)%00%(upstream:remoteref) refs/heads/master refs/remotes/master [3ms]
2023-08-14 14:01:29.851 [info] > git status -z -uall [14ms]
2023-08-14 14:01:30.926 [info] > git ls-files --stage -- /home/ubuntu/ansible-config-mgt/playbooks/common.yml [4ms]
2023-08-14 14:01:30.933 [info] > git cat-file -s 48edc15ad2d243ecfac6e39d936896f9554f3999 [4ms]
2023-08-14 14:01:30.969 [info] > git show --textconv :playbooks/common.yml [3ms]
2023-08-14 14:01:34.863 [info] No remotes found in the git config file.
2023-08-14 14:01:34.864 [info] > git config --get commit.template [5ms]
2023-08-14 14:01:34.865 [info] > git for-each-ref --format=%(refname)%00%(upstream:short)%00%(objectname)%00%(upstream:track)%00%(upstream:remotename)%00%(upstream:remoteref) refs/heads/master refs/remotes/master [2ms]
2023-08-14 14:01:34.883 [info] > git status -z -uall [15ms]
2023-08-14 14:01:47.388 [info] No remotes found in the git config file.
2023-08-14 14:01:47.413 [info] > git config --get commit.template [30ms]
2023-08-14 14:01:47.416 [info] > git for-each-ref --format=%(refname)%00%(upstream:short)%00%(objectname)%00%(upstream:track)%00%(upstream:remotename)%00%(upstream:remoteref) refs/heads/master refs/remotes/master [28ms]
2023-08-14 14:01:47.479 [info] > git status -z -uall [60ms]
2023-08-14 14:01:47.626 [info] > git add -A -- /home/ubuntu/ansible-config-mgt/playbooks/common.yml [3ms]
2023-08-14 14:01:47.626 [info] fatal: Pathspec '/home/ubuntu/ansible-config-mgt/playbooks/common.yml' is in submodule 'ansible-config-mgt'
2023-08-14 14:01:47.633 [info] No remotes found in the git config file.
2023-08-14 14:01:47.634 [info] > git config --get commit.template [4ms]
2023-08-14 14:01:47.635 [info] > git for-each-ref --format=%(refname)%00%(upstream:short)%00%(objectname)%00%(upstream:track)%00%(upstream:remotename)%00%(upstream:remoteref) refs/heads/master refs/remotes/master [2ms]
2023-08-14 14:01:47.656 [info] > git status -z -uall [17ms]
2023-08-14 14:01:48.780 [info] > git check-ignore -v -z --stdin [3ms]
2023-08-14 14:01:51.361 [info] > git config --get commit.template [5ms]
2023-08-14 14:01:51.365 [info] > git for-each-ref --format=%(refname)%00%(upstream:short)%00%(objectname)%00%(upstream:track)%00%(upstream:remotename)%00%(upstream:remoteref) refs/heads/main refs/remotes/main [4ms]
2023-08-14 14:01:51.370 [info] > git status -z -uall [2ms]
2023-08-14 14:01:52.491 [info] No remotes found in the git config file.
2023-08-14 14:01:52.491 [info] > git config --get commit.template [5ms]
2023-08-14 14:01:52.493 [info] > git for-each-ref --format=%(refname)%00%(upstream:short)%00%(objectname)%00%(upstream:track)%00%(upstream:remotename)%00%(upstream:remoteref) refs/heads/master refs/remotes/master [2ms]
2023-08-14 14:01:52.511 [info] > git status -z -uall [15ms]
2023-08-14 14:01:53.221 [info] > git check-ignore -v -z --stdin [3ms]
2023-08-14 14:01:57.528 [info] No remotes found in the git config file.
2023-08-14 14:01:57.528 [info] > git config --get commit.template [5ms]
2023-08-14 14:01:57.530 [info] > git for-each-ref --format=%(refname)%00%(upstream:short)%00%(objectname)%00%(upstream:track)%00%(upstream:remotename)%00%(upstream:remoteref) refs/heads/master refs/remotes/master [3ms]
2023-08-14 14:01:57.548 [info] > git status -z -uall [15ms]
2023-08-14 14:02:07.224 [info] No remotes found in the git config file.
2023-08-14 14:02:07.226 [info] > git fetch [19ms]
2023-08-14 14:02:07.232 [info] > git config --get commit.template [13ms]
2023-08-14 14:02:07.232 [info] > git for-each-ref --format=%(refname)%00%(upstream:short)%00%(objectname)%00%(upstream:track)%00%(upstream:remotename)%00%(upstream:remoteref) refs/heads/master refs/remotes/master [8ms]
2023-08-14 14:02:07.237 [info] No remotes found in the git config file.
2023-08-14 14:02:07.238 [info] > git config --get commit.template [7ms]
2023-08-14 14:02:07.240 [info] > git for-each-ref --format=%(refname)%00%(upstream:short)%00%(objectname)%00%(upstream:track)%00%(upstream:remotename)%00%(upstream:remoteref) refs/heads/master refs/remotes/master [3ms]
2023-08-14 14:02:07.266 [info] > git status -z -uall [22ms]
2023-08-14 14:02:07.697 [info] > git fetch [484ms]
2023-08-14 14:02:07.707 [info] > git config --get commit.template [4ms]
2023-08-14 14:02:07.709 [info] > git for-each-ref --format=%(refname)%00%(upstream:short)%00%(objectname)%00%(upstream:track)%00%(upstream:remotename)%00%(upstream:remoteref) refs/heads/main refs/remotes/main [2ms]
2023-08-14 14:02:07.714 [info] > git status -z -uall [2ms]
2023-08-14 14:02:08.883 [info] > git config --get commit.template [5ms]
2023-08-14 14:02:08.885 [info] > git for-each-ref --format=%(refname)%00%(upstream:short)%00%(objectname)%00%(upstream:track)%00%(upstream:remotename)%00%(upstream:remoteref) refs/heads/main refs/remotes/main [3ms]
2023-08-14 14:02:08.890 [info] > git status -z -uall [2ms]
2023-08-14 14:02:09.012 [info] > git ls-files --stage -- /home/ubuntu/ansible-config-mgt/playbooks/common.yml [3ms]
2023-08-14 14:02:09.018 [info] > git cat-file -s 48edc15ad2d243ecfac6e39d936896f9554f3999 [3ms]
2023-08-14 14:02:09.060 [info] > git show --textconv :playbooks/common.yml [3ms]
2023-08-14 14:02:12.240 [info] No remotes found in the git config file.
2023-08-14 14:02:12.244 [info] > git config --get commit.template [5ms]
2023-08-14 14:02:12.246 [info] > git for-each-ref --format=%(refname)%00%(upstream:short)%00%(objectname)%00%(upstream:track)%00%(upstream:remotename)%00%(upstream:remoteref) refs/heads/master refs/remotes/master [3ms]
2023-08-14 14:02:12.276 [info] > git status -z -uall [27ms]
2023-08-14 14:02:15.188 [info] > git config --get commit.template [5ms]
2023-08-14 14:02:15.190 [info] > git for-each-ref --format=%(refname)%00%(upstream:short)%00%(objectname)%00%(upstream:track)%00%(upstream:remotename)%00%(upstream:remoteref) refs/heads/main refs/remotes/main [3ms]
2023-08-14 14:02:15.195 [info] > git status -z -uall [2ms]
2023-08-14 14:02:17.289 [info] No remotes found in the git config file.
2023-08-14 14:02:17.289 [info] > git config --get commit.template [5ms]
2023-08-14 14:02:17.291 [info] > git for-each-ref --format=%(refname)%00%(upstream:short)%00%(objectname)%00%(upstream:track)%00%(upstream:remotename)%00%(upstream:remoteref) refs/heads/master refs/remotes/master [2ms]
2023-08-14 14:02:17.309 [info] > git status -z -uall [15ms]
2023-08-14 14:02:32.645 [info] No remotes found in the git config file.
2023-08-14 14:02:32.646 [info] > git config --get commit.template [6ms]
2023-08-14 14:02:32.653 [info] > git for-each-ref --format=%(refname)%00%(upstream:short)%00%(objectname)%00%(upstream:track)%00%(upstream:remotename)%00%(upstream:remoteref) refs/heads/master refs/remotes/master [8ms]
2023-08-14 14:02:32.659 [info] > git add -A -- . [7ms]
2023-08-14 14:02:32.684 [info] > git -c user.useConfigOnly=true commit --quiet --allow-empty-message --file - [20ms]
2023-08-14 14:02:32.688 [info] > git status -z -uall [29ms]
2023-08-14 14:02:32.693 [info] > git config --get commit.template [5ms]
2023-08-14 14:02:32.702 [info] > git config --get commit.template [5ms]
2023-08-14 14:02:32.711 [info] > git for-each-ref --format=%(refname)%00%(upstream:short)%00%(objectname)%00%(upstream:track)%00%(upstream:remotename)%00%(upstream:remoteref) refs/heads/main refs/remotes/main [9ms]
2023-08-14 14:02:32.719 [info] > git status -z -uall [3ms]
2023-08-14 14:02:33.112 [info] > git config --get commit.template [5ms]
2023-08-14 14:02:33.114 [info] > git for-each-ref --format=%(refname)%00%(upstream:short)%00%(objectname)%00%(upstream:track)%00%(upstream:remotename)%00%(upstream:remoteref) refs/heads/main refs/remotes/main [3ms]
2023-08-14 14:02:33.119 [info] > git status -z -uall [2ms]
2023-08-14 14:02:34.238 [info] > git ls-files --stage -- /home/ubuntu/ansible-config-mgt/playbooks/common.yml [3ms]
2023-08-14 14:02:34.242 [info] > git cat-file -s 1ddea233b3e51cd15c1c1632359eea552c039d96 [1ms]
2023-08-14 14:02:34.277 [info] > git show --textconv :playbooks/common.yml [2ms]
2023-08-14 14:02:37.701 [info] No remotes found in the git config file.
2023-08-14 14:02:37.702 [info] > git config --get commit.template [4ms]
2023-08-14 14:02:37.703 [info] > git for-each-ref --format=%(refname)%00%(upstream:short)%00%(objectname)%00%(upstream:track)%00%(upstream:remotename)%00%(upstream:remoteref) refs/heads/master refs/remotes/master [2ms]
2023-08-14 14:02:37.721 [info] > git status -z -uall [15ms]
2023-08-14 14:02:39.531 [info] > git log --oneline --cherry main...main@{upstream} -- [3ms]
2023-08-14 14:02:39.796 [info] > git pull --tags origin main [261ms]
2023-08-14 14:02:39.796 [info] From https://github.com/Sakirat/ansible-config-mgt
 * branch            main       -> FETCH_HEAD
2023-08-14 14:02:41.136 [info] > git ls-files --stage -- /home/ubuntu/ansible-config-mgt/playbooks/common.yml [5ms]
2023-08-14 14:02:41.141 [info] > git push origin main:main [1340ms]
2023-08-14 14:02:41.142 [info] To https://github.com/Sakirat/ansible-config-mgt.git
   f493cf3..d9e3e96  main -> main
2023-08-14 14:02:41.148 [info] > git cat-file -s 1ddea233b3e51cd15c1c1632359eea552c039d96 [9ms]
2023-08-14 14:02:41.153 [info] > git config --get commit.template [7ms]
2023-08-14 14:02:41.155 [info] > git for-each-ref --format=%(refname)%00%(upstream:short)%00%(objectname)%00%(upstream:track)%00%(upstream:remotename)%00%(upstream:remoteref) refs/heads/main refs/remotes/main [3ms]
2023-08-14 14:02:41.163 [info] > git status -z -uall [5ms]
2023-08-14 14:02:41.211 [info] > git show --textconv :playbooks/common.yml [3ms]
2023-08-14 14:02:42.402 [info] > git config --get commit.template [5ms]
2023-08-14 14:02:42.404 [info] > git for-each-ref --format=%(refname)%00%(upstream:short)%00%(objectname)%00%(upstream:track)%00%(upstream:remotename)%00%(upstream:remoteref) refs/heads/main refs/remotes/main [2ms]
2023-08-14 14:02:42.409 [info] > git status -z -uall [2ms]
2023-08-14 14:02:42.534 [info] > git ls-files --stage -- /home/ubuntu/ansible-config-mgt/playbooks/common.yml [2ms]
2023-08-14 14:02:42.538 [info] > git cat-file -s 1ddea233b3e51cd15c1c1632359eea552c039d96 [2ms]
2023-08-14 14:02:42.571 [info] > git show --textconv :playbooks/common.yml [2ms]
2023-08-14 14:02:42.735 [info] No remotes found in the git config file.
2023-08-14 14:02:42.735 [info] > git config --get commit.template [6ms]
2023-08-14 14:02:42.739 [info] > git for-each-ref --format=%(refname)%00%(upstream:short)%00%(objectname)%00%(upstream:track)%00%(upstream:remotename)%00%(upstream:remoteref) refs/heads/master refs/remotes/master [4ms]
2023-08-14 14:02:42.886 [info] > git status -z -uall [144ms]
2023-08-14 14:02:49.390 [info] No remotes found in the git config file.
2023-08-14 14:02:49.401 [info] > git config --get commit.template [28ms]
2023-08-14 14:02:49.402 [info] > git for-each-ref --format=%(refname)%00%(upstream:short)%00%(objectname)%00%(upstream:track)%00%(upstream:remotename)%00%(upstream:remoteref) refs/heads/master refs/remotes/master [15ms]
2023-08-14 14:02:49.541 [info] > git status -z -uall [135ms]
2023-08-14 14:02:54.564 [info] No remotes found in the git config file.
2023-08-14 14:02:54.565 [info] > git config --get commit.template [6ms]
2023-08-14 14:02:54.567 [info] > git for-each-ref --format=%(refname)%00%(upstream:short)%00%(objectname)%00%(upstream:track)%00%(upstream:remotename)%00%(upstream:remoteref) refs/heads/master refs/remotes/master [2ms]
2023-08-14 14:02:54.593 [info] > git status -z -uall [24ms]
2023-08-14 14:02:57.498 [info] > git add -A -- . [95ms]
2023-08-14 14:02:57.562 [info] > git -c user.useConfigOnly=true commit --quiet --allow-empty-message --file - [60ms]
2023-08-14 14:02:57.567 [info] > git config --get commit.template [1ms]
2023-08-14 14:02:57.575 [info] No remotes found in the git config file.
2023-08-14 14:02:57.575 [info] > git config --get commit.template [4ms]
2023-08-14 14:02:57.577 [info] > git for-each-ref --format=%(refname)%00%(upstream:short)%00%(objectname)%00%(upstream:track)%00%(upstream:remotename)%00%(upstream:remoteref) refs/heads/master refs/remotes/master [2ms]
2023-08-14 14:02:57.601 [info] > git status -z -uall [21ms]
2023-08-14 14:02:57.948 [info] No remotes found in the git config file.
2023-08-14 14:02:57.948 [info] > git config --get commit.template [6ms]
2023-08-14 14:02:57.950 [info] > git for-each-ref --format=%(refname)%00%(upstream:short)%00%(objectname)%00%(upstream:track)%00%(upstream:remotename)%00%(upstream:remoteref) refs/heads/master refs/remotes/master [2ms]
2023-08-14 14:02:57.970 [info] > git status -z -uall [17ms]
2023-08-14 14:02:59.079 [info] > git ls-files --stage -- /home/ubuntu/ansible-config-mgt/playbooks/common.yml [3ms]
2023-08-14 14:02:59.084 [info] > git cat-file -s 1ddea233b3e51cd15c1c1632359eea552c039d96 [2ms]
2023-08-14 14:02:59.208 [info] > git show --textconv :playbooks/common.yml [3ms]
2023-08-14 14:02:59.627 [info] No remotes found in the git config file.
2023-08-14 14:02:59.628 [info] > git config --get commit.template [6ms]
2023-08-14 14:02:59.630 [info] > git for-each-ref --format=%(refname)%00%(upstream:short)%00%(objectname)%00%(upstream:track)%00%(upstream:remotename)%00%(upstream:remoteref) refs/heads/master refs/remotes/master [2ms]
2023-08-14 14:02:59.648 [info] > git status -z -uall [15ms]
2023-08-14 14:03:04.660 [info] No remotes found in the git config file.
2023-08-14 14:03:04.660 [info] > git config --get commit.template [5ms]
2023-08-14 14:03:04.662 [info] > git for-each-ref --format=%(refname)%00%(upstream:short)%00%(objectname)%00%(upstream:track)%00%(upstream:remotename)%00%(upstream:remoteref) refs/heads/master refs/remotes/master [2ms]
2023-08-14 14:03:04.683 [info] > git status -z -uall [18ms]
2023-08-14 14:03:09.701 [info] No remotes found in the git config file.
2023-08-14 14:03:09.702 [info] > git config --get commit.template [5ms]
2023-08-14 14:03:09.704 [info] > git for-each-ref --format=%(refname)%00%(upstream:short)%00%(objectname)%00%(upstream:track)%00%(upstream:remotename)%00%(upstream:remoteref) refs/heads/master refs/remotes/master [3ms]
2023-08-14 14:03:09.721 [info] > git status -z -uall [14ms]
2023-08-14 14:03:14.732 [info] No remotes found in the git config file.
2023-08-14 14:03:14.733 [info] > git config --get commit.template [4ms]
2023-08-14 14:03:14.735 [info] > git for-each-ref --format=%(refname)%00%(upstream:short)%00%(objectname)%00%(upstream:track)%00%(upstream:remotename)%00%(upstream:remoteref) refs/heads/master refs/remotes/master [3ms]
2023-08-14 14:03:14.753 [info] > git status -z -uall [15ms]
2023-08-14 14:03:19.769 [info] No remotes found in the git config file.
2023-08-14 14:03:19.770 [info] > git config --get commit.template [6ms]
2023-08-14 14:03:19.772 [info] > git for-each-ref --format=%(refname)%00%(upstream:short)%00%(objectname)%00%(upstream:track)%00%(upstream:remotename)%00%(upstream:remoteref) refs/heads/master refs/remotes/master [3ms]
2023-08-14 14:03:19.790 [info] > git status -z -uall [15ms]
2023-08-14 14:03:22.063 [info] > git add -A -- . [19ms]
2023-08-14 14:03:22.086 [info] > git -c user.useConfigOnly=true commit --quiet --allow-empty-message --file - [20ms]
2023-08-14 14:03:22.090 [info] > git config --get commit.template [1ms]
2023-08-14 14:03:22.098 [info] No remotes found in the git config file.
2023-08-14 14:03:22.099 [info] > git config --get commit.template [5ms]
2023-08-14 14:03:22.101 [info] > git for-each-ref --format=%(refname)%00%(upstream:short)%00%(objectname)%00%(upstream:track)%00%(upstream:remotename)%00%(upstream:remoteref) refs/heads/master refs/remotes/master [2ms]
2023-08-14 14:03:22.122 [info] > git status -z -uall [19ms]
2023-08-14 14:03:22.297 [info] No remotes found in the git config file.
2023-08-14 14:03:22.297 [info] > git config --get commit.template [5ms]
2023-08-14 14:03:22.299 [info] > git for-each-ref --format=%(refname)%00%(upstream:short)%00%(objectname)%00%(upstream:track)%00%(upstream:remotename)%00%(upstream:remoteref) refs/heads/master refs/remotes/master [3ms]
2023-08-14 14:03:22.319 [info] > git status -z -uall [17ms]
2023-08-14 14:03:23.442 [info] > git ls-files --stage -- /home/ubuntu/ansible-config-mgt/playbooks/common.yml [2ms]
2023-08-14 14:03:23.447 [info] > git cat-file -s 1ddea233b3e51cd15c1c1632359eea552c039d96 [2ms]
2023-08-14 14:03:23.486 [info] > git show --textconv :playbooks/common.yml [2ms]
2023-08-14 14:03:24.803 [info] No remotes found in the git config file.
2023-08-14 14:03:24.803 [info] > git config --get commit.template [5ms]
2023-08-14 14:03:24.805 [info] > git for-each-ref --format=%(refname)%00%(upstream:short)%00%(objectname)%00%(upstream:track)%00%(upstream:remotename)%00%(upstream:remoteref) refs/heads/master refs/remotes/master [3ms]
2023-08-14 14:03:24.824 [info] > git status -z -uall [15ms]
2023-08-14 14:03:29.835 [info] No remotes found in the git config file.
2023-08-14 14:03:29.836 [info] > git config --get commit.template [5ms]
2023-08-14 14:03:29.838 [info] > git for-each-ref --format=%(refname)%00%(upstream:short)%00%(objectname)%00%(upstream:track)%00%(upstream:remotename)%00%(upstream:remoteref) refs/heads/master refs/remotes/master [3ms]
2023-08-14 14:03:29.857 [info] > git status -z -uall [16ms]
2023-08-14 14:03:34.868 [info] No remotes found in the git config file.
2023-08-14 14:03:34.868 [info] > git config --get commit.template [5ms]
2023-08-14 14:03:34.870 [info] > git for-each-ref --format=%(refname)%00%(upstream:short)%00%(objectname)%00%(upstream:track)%00%(upstream:remotename)%00%(upstream:remoteref) refs/heads/master refs/remotes/master [3ms]
2023-08-14 14:03:34.889 [info] > git status -z -uall [16ms]
2023-08-14 14:03:38.482 [info] > git add -A -- . [23ms]
2023-08-14 14:03:38.504 [info] > git -c user.useConfigOnly=true commit --quiet --allow-empty-message --file - [19ms]
2023-08-14 14:03:38.509 [info] > git config --get commit.template [1ms]
2023-08-14 14:03:38.517 [info] No remotes found in the git config file.
2023-08-14 14:03:38.518 [info] > git config --get commit.template [5ms]
2023-08-14 14:03:38.520 [info] > git for-each-ref --format=%(refname)%00%(upstream:short)%00%(objectname)%00%(upstream:track)%00%(upstream:remotename)%00%(upstream:remoteref) refs/heads/master refs/remotes/master [2ms]
2023-08-14 14:03:38.549 [info] > git status -z -uall [27ms]
2023-08-14 14:03:38.881 [info] No remotes found in the git config file.
2023-08-14 14:03:38.885 [info] > git config --get commit.template [8ms]
2023-08-14 14:03:38.887 [info] > git for-each-ref --format=%(refname)%00%(upstream:short)%00%(objectname)%00%(upstream:track)%00%(upstream:remotename)%00%(upstream:remoteref) refs/heads/master refs/remotes/master [6ms]
2023-08-14 14:03:38.905 [info] > git status -z -uall [15ms]
2023-08-14 14:03:39.905 [info] No remotes found in the git config file.
2023-08-14 14:03:39.927 [info] > git config --get commit.template [27ms]
2023-08-14 14:03:39.931 [info] > git for-each-ref --format=%(refname)%00%(upstream:short)%00%(objectname)%00%(upstream:track)%00%(upstream:remotename)%00%(upstream:remoteref) refs/heads/master refs/remotes/master [27ms]
2023-08-14 14:03:40.038 [info] > git status -z -uall [104ms]
2023-08-14 14:03:40.067 [info] > git ls-files --stage -- /home/ubuntu/ansible-config-mgt/playbooks/common.yml [3ms]
2023-08-14 14:03:40.073 [info] > git cat-file -s 1ddea233b3e51cd15c1c1632359eea552c039d96 [3ms]
2023-08-14 14:03:40.111 [info] > git show --textconv :playbooks/common.yml [6ms]
2023-08-14 14:03:45.051 [info] No remotes found in the git config file.
2023-08-14 14:03:45.070 [info] > git config --get commit.template [20ms]
2023-08-14 14:03:45.072 [info] > git for-each-ref --format=%(refname)%00%(upstream:short)%00%(objectname)%00%(upstream:track)%00%(upstream:remotename)%00%(upstream:remoteref) refs/heads/master refs/remotes/master [17ms]
2023-08-14 14:03:45.182 [info] > git status -z -uall [106ms]
2023-08-14 14:03:50.195 [info] No remotes found in the git config file.
2023-08-14 14:03:50.196 [info] > git config --get commit.template [6ms]
2023-08-14 14:03:50.202 [info] > git for-each-ref --format=%(refname)%00%(upstream:short)%00%(objectname)%00%(upstream:track)%00%(upstream:remotename)%00%(upstream:remoteref) refs/heads/master refs/remotes/master [3ms]
2023-08-14 14:03:50.248 [info] > git status -z -uall [42ms]
2023-08-14 14:03:55.264 [info] No remotes found in the git config file.
2023-08-14 14:03:55.265 [info] > git config --get commit.template [6ms]
2023-08-14 14:03:55.268 [info] > git for-each-ref --format=%(refname)%00%(upstream:short)%00%(objectname)%00%(upstream:track)%00%(upstream:remotename)%00%(upstream:remoteref) refs/heads/master refs/remotes/master [4ms]
2023-08-14 14:03:55.296 [info] > git status -z -uall [25ms]
2023-08-14 14:04:00.307 [info] No remotes found in the git config file.
2023-08-14 14:04:00.308 [info] > git config --get commit.template [5ms]
2023-08-14 14:04:00.309 [info] > git for-each-ref --format=%(refname)%00%(upstream:short)%00%(objectname)%00%(upstream:track)%00%(upstream:remotename)%00%(upstream:remoteref) refs/heads/master refs/remotes/master [2ms]
2023-08-14 14:04:00.327 [info] > git status -z -uall [15ms]
2023-08-14 14:04:05.340 [info] No remotes found in the git config file.
2023-08-14 14:04:05.340 [info] > git config --get commit.template [6ms]
2023-08-14 14:04:05.342 [info] > git for-each-ref --format=%(refname)%00%(upstream:short)%00%(objectname)%00%(upstream:track)%00%(upstream:remotename)%00%(upstream:remoteref) refs/heads/master refs/remotes/master [2ms]
2023-08-14 14:04:05.360 [info] > git status -z -uall [15ms]
2023-08-14 14:04:10.372 [info] No remotes found in the git config file.
2023-08-14 14:04:10.373 [info] > git config --get commit.template [5ms]
2023-08-14 14:04:10.374 [info] > git for-each-ref --format=%(refname)%00%(upstream:short)%00%(objectname)%00%(upstream:track)%00%(upstream:remotename)%00%(upstream:remoteref) refs/heads/master refs/remotes/master [2ms]
2023-08-14 14:04:10.392 [info] > git status -z -uall [15ms]
2023-08-14 14:04:15.406 [info] No remotes found in the git config file.
2023-08-14 14:04:15.406 [info] > git config --get commit.template [5ms]
2023-08-14 14:04:15.408 [info] > git for-each-ref --format=%(refname)%00%(upstream:short)%00%(objectname)%00%(upstream:track)%00%(upstream:remotename)%00%(upstream:remoteref) refs/heads/master refs/remotes/master [3ms]
2023-08-14 14:04:15.426 [info] > git status -z -uall [15ms]
2023-08-14 14:04:20.439 [info] No remotes found in the git config file.
2023-08-14 14:04:20.439 [info] > git config --get commit.template [5ms]
2023-08-14 14:04:20.441 [info] > git for-each-ref --format=%(refname)%00%(upstream:short)%00%(objectname)%00%(upstream:track)%00%(upstream:remotename)%00%(upstream:remoteref) refs/heads/master refs/remotes/master [2ms]
2023-08-14 14:04:20.459 [info] > git status -z -uall [15ms]
2023-08-14 14:04:25.472 [info] No remotes found in the git config file.
2023-08-14 14:04:25.472 [info] > git config --get commit.template [5ms]
2023-08-14 14:04:25.474 [info] > git for-each-ref --format=%(refname)%00%(upstream:short)%00%(objectname)%00%(upstream:track)%00%(upstream:remotename)%00%(upstream:remoteref) refs/heads/master refs/remotes/master [2ms]
2023-08-14 14:04:25.493 [info] > git status -z -uall [15ms]
2023-08-14 14:04:35.102 [info] No remotes found in the git config file.
2023-08-14 14:04:35.103 [info] > git config --get commit.template [5ms]
2023-08-14 14:04:35.107 [info] > git for-each-ref --format=%(refname)%00%(upstream:short)%00%(objectname)%00%(upstream:track)%00%(upstream:remotename)%00%(upstream:remoteref) refs/heads/master refs/remotes/master [5ms]
2023-08-14 14:04:35.125 [info] > git status -z -uall [15ms]
2023-08-14 14:04:40.137 [info] No remotes found in the git config file.
2023-08-14 14:04:40.138 [info] > git config --get commit.template [5ms]
2023-08-14 14:04:40.140 [info] > git for-each-ref --format=%(refname)%00%(upstream:short)%00%(objectname)%00%(upstream:track)%00%(upstream:remotename)%00%(upstream:remoteref) refs/heads/master refs/remotes/master [3ms]
2023-08-14 14:04:40.158 [info] > git status -z -uall [15ms]
2023-08-14 14:04:45.171 [info] No remotes found in the git config file.
2023-08-14 14:04:45.171 [info] > git config --get commit.template [5ms]
2023-08-14 14:04:45.173 [info] > git for-each-ref --format=%(refname)%00%(upstream:short)%00%(objectname)%00%(upstream:track)%00%(upstream:remotename)%00%(upstream:remoteref) refs/heads/master refs/remotes/master [3ms]
2023-08-14 14:04:45.191 [info] > git status -z -uall [15ms]
2023-08-14 14:04:51.103 [info] No remotes found in the git config file.
2023-08-14 14:04:51.103 [info] > git config --get commit.template [7ms]
2023-08-14 14:04:51.111 [info] > git for-each-ref --format=%(refname)%00%(upstream:short)%00%(objectname)%00%(upstream:track)%00%(upstream:remotename)%00%(upstream:remoteref) refs/heads/master refs/remotes/master [8ms]
2023-08-14 14:04:51.144 [info] > git status -z -uall [28ms]
