2023-08-14 11:44:06.128 [info] Extension host with pid 38752 started
2023-08-14 11:44:06.151 [info] Lock '/home/ubuntu/.vscode-server/data/User/workspaceStorage/ee00f25aaf4608e3a2e0d5b42d898d40/vscode.lock': Lock acquired.
2023-08-14 11:44:06.270 [info] ExtensionService#_doActivateExtension vscode.git-base, startup: false, activationEvent: '*', root cause: vscode.git
2023-08-14 11:44:06.390 [info] ExtensionService#_doActivateExtension vscode.git, startup: false, activationEvent: '*'
2023-08-14 11:44:06.394 [info] ExtensionService#_doActivateExtension vscode.github, startup: false, activationEvent: '*'
2023-08-14 11:44:08.299 [info] Eager extensions activated
2023-08-14 11:44:08.300 [info] ExtensionService#_doActivateExtension vscode.debug-auto-launch, startup: false, activationEvent: 'onStartupFinished'
2023-08-14 11:44:08.301 [info] ExtensionService#_doActivateExtension vscode.merge-conflict, startup: false, activationEvent: 'onStartupFinished'
2023-08-14 11:45:13.444 [info] ExtensionService#_doActivateExtension vscode.npm, startup: false, activationEvent: 'onTerminalQuickFixRequest:ms-vscode.npm-command'
2023-08-14 11:54:02.120 [warning] [Decorations] CAPPING events from decorations provider vscode.git 1344
2023-08-14 11:54:02.680 [info] ExtensionService#_doActivateExtension vscode.emmet, startup: false, activationEvent: 'onLanguage'
2023-08-14 11:54:04.766 [warning] [Decorations] CAPPING events from decorations provider vscode.git 1344
2023-08-14 11:54:09.829 [warning] [Decorations] CAPPING events from decorations provider vscode.git 1344
2023-08-14 11:54:14.910 [warning] [Decorations] CAPPING events from decorations provider vscode.git 1344
2023-08-14 11:54:19.976 [warning] [Decorations] CAPPING events from decorations provider vscode.git 1344
2023-08-14 11:54:25.031 [warning] [Decorations] CAPPING events from decorations provider vscode.git 1344
2023-08-14 11:54:30.092 [warning] [Decorations] CAPPING events from decorations provider vscode.git 1344
2023-08-14 11:54:35.157 [warning] [Decorations] CAPPING events from decorations provider vscode.git 1344
2023-08-14 11:54:40.290 [warning] [Decorations] CAPPING events from decorations provider vscode.git 1344
2023-08-14 11:54:45.766 [warning] [Decorations] CAPPING events from decorations provider vscode.git 1344
2023-08-14 11:54:50.824 [warning] [Decorations] CAPPING events from decorations provider vscode.git 1344
2023-08-14 11:54:55.875 [warning] [Decorations] CAPPING events from decorations provider vscode.git 1344
2023-08-14 11:55:00.929 [warning] [Decorations] CAPPING events from decorations provider vscode.git 1344
2023-08-14 11:55:05.990 [warning] [Decorations] CAPPING events from decorations provider vscode.git 1344
2023-08-14 11:55:11.670 [warning] [Decorations] CAPPING events from decorations provider vscode.git 1344
