2023-08-14 12:00:38.777 [info] Log level: Info
2023-08-14 12:00:38.777 [info] Validating found git in: "git"
2023-08-14 12:00:38.777 [info] Using git "2.25.1" from "git"
2023-08-14 12:00:38.777 [info] > git rev-parse --show-toplevel [119ms]
2023-08-14 12:00:38.777 [info] > git rev-parse --git-dir --git-common-dir [5ms]
2023-08-14 12:00:38.777 [info] Open repository: /home/ubuntu/ansible-config-mgt
2023-08-14 12:00:38.777 [info] > git config --get commit.template [8ms]
2023-08-14 12:00:38.777 [info] > git for-each-ref --format=%(refname)%00%(upstream:short)%00%(objectname)%00%(upstream:track)%00%(upstream:remotename)%00%(upstream:remoteref) refs/heads/main refs/remotes/main [5ms]
2023-08-14 12:00:38.777 [info] > git status -z -uall [5ms]
2023-08-14 12:00:38.777 [info] > git config --get commit.template [33ms]
2023-08-14 12:00:38.777 [info] > git for-each-ref --format=%(refname)%00%(upstream:short)%00%(objectname)%00%(upstream:track)%00%(upstream:remotename)%00%(upstream:remoteref) refs/heads/main refs/remotes/main [6ms]
2023-08-14 12:00:38.777 [info] > git status -z -uall [4ms]
2023-08-14 12:00:38.894 [info] > git fetch [373ms]
2023-08-14 12:00:38.909 [info] > git config --get commit.template [7ms]
2023-08-14 12:00:39.004 [info] > git for-each-ref --format=%(refname)%00%(upstream:short)%00%(objectname)%00%(upstream:track)%00%(upstream:remotename)%00%(upstream:remoteref) refs/heads/main refs/remotes/main [96ms]
2023-08-14 12:00:39.105 [info] > git status -z -uall [45ms]
2023-08-14 12:00:39.363 [info] > git show --textconv :README.md [23ms]
2023-08-14 12:00:39.364 [info] > git check-ignore -v -z --stdin [5ms]
2023-08-14 12:00:39.365 [info] > git ls-files --stage -- /home/ubuntu/ansible-config-mgt/README.md [15ms]
2023-08-14 12:00:39.443 [info] > git cat-file -s cd446fe26b2ee8995c2e705019b0c50dd2a5d966 [63ms]
2023-08-14 12:00:40.227 [info] > git config --get commit.template [5ms]
2023-08-14 12:00:40.229 [info] > git for-each-ref --format=%(refname)%00%(upstream:short)%00%(objectname)%00%(upstream:track)%00%(upstream:remotename)%00%(upstream:remoteref) refs/heads/main refs/remotes/main [3ms]
2023-08-14 12:00:40.234 [info] > git status -z -uall [2ms]
2023-08-14 12:00:40.351 [info] > git ls-files --stage -- /home/ubuntu/ansible-config-mgt/README.md [2ms]
2023-08-14 12:00:40.356 [info] > git cat-file -s cd446fe26b2ee8995c2e705019b0c50dd2a5d966 [2ms]
2023-08-14 12:00:40.406 [info] > git show --textconv :README.md [10ms]
2023-08-14 12:03:08.570 [info] > git config --get commit.template [6ms]
2023-08-14 12:03:08.572 [info] > git for-each-ref --format=%(refname)%00%(upstream:short)%00%(objectname)%00%(upstream:track)%00%(upstream:remotename)%00%(upstream:remoteref) refs/heads/main refs/remotes/main [4ms]
2023-08-14 12:03:08.577 [info] > git status -z -uall [2ms]
2023-08-14 12:03:08.697 [info] > git ls-files --stage -- /home/ubuntu/ansible-config-mgt/README.md [2ms]
2023-08-14 12:03:08.702 [info] > git cat-file -s cd446fe26b2ee8995c2e705019b0c50dd2a5d966 [2ms]
2023-08-14 12:03:08.739 [info] > git show --textconv :README.md [4ms]
2023-08-14 12:03:22.799 [info] > git config --get commit.template [7ms]
2023-08-14 12:03:22.801 [info] > git for-each-ref --format=%(refname)%00%(upstream:short)%00%(objectname)%00%(upstream:track)%00%(upstream:remotename)%00%(upstream:remoteref) refs/heads/project11 refs/remotes/project11 [2ms]
2023-08-14 12:03:22.806 [info] > git status -z -uall [2ms]
2023-08-14 12:03:22.922 [info] > git ls-files --stage -- /home/ubuntu/ansible-config-mgt/README.md [2ms]
2023-08-14 12:03:22.927 [info] > git cat-file -s cd446fe26b2ee8995c2e705019b0c50dd2a5d966 [2ms]
2023-08-14 12:03:22.961 [info] > git show --textconv :README.md [3ms]
2023-08-14 12:03:39.339 [info] > git fetch [224ms]
2023-08-14 12:03:39.349 [info] > git config --get commit.template [5ms]
2023-08-14 12:03:39.351 [info] > git for-each-ref --format=%(refname)%00%(upstream:short)%00%(objectname)%00%(upstream:track)%00%(upstream:remotename)%00%(upstream:remoteref) refs/heads/project11 refs/remotes/project11 [2ms]
2023-08-14 12:03:39.356 [info] > git status -z -uall [2ms]
2023-08-14 12:03:40.502 [info] > git config --get commit.template [7ms]
2023-08-14 12:03:40.504 [info] > git for-each-ref --format=%(refname)%00%(upstream:short)%00%(objectname)%00%(upstream:track)%00%(upstream:remotename)%00%(upstream:remoteref) refs/heads/project11 refs/remotes/project11 [3ms]
2023-08-14 12:03:40.509 [info] > git status -z -uall [2ms]
2023-08-14 12:03:40.628 [info] > git ls-files --stage -- /home/ubuntu/ansible-config-mgt/README.md [2ms]
2023-08-14 12:03:40.633 [info] > git cat-file -s cd446fe26b2ee8995c2e705019b0c50dd2a5d966 [2ms]
2023-08-14 12:03:40.669 [info] > git show --textconv :README.md [3ms]
2023-08-14 12:04:16.036 [info] > git config --get commit.template [6ms]
2023-08-14 12:04:16.038 [info] > git for-each-ref --format=%(refname)%00%(upstream:short)%00%(objectname)%00%(upstream:track)%00%(upstream:remotename)%00%(upstream:remoteref) refs/heads/project11 refs/remotes/project11 [4ms]
2023-08-14 12:04:16.043 [info] > git status -z -uall [2ms]
2023-08-14 12:04:16.174 [info] > git check-ignore -v -z --stdin [3ms]
2023-08-14 12:04:36.861 [info] > git check-ignore -v -z --stdin [3ms]
2023-08-14 12:04:37.374 [info] > git config --get commit.template [5ms]
2023-08-14 12:04:37.376 [info] > git for-each-ref --format=%(refname)%00%(upstream:short)%00%(objectname)%00%(upstream:track)%00%(upstream:remotename)%00%(upstream:remoteref) refs/heads/project11 refs/remotes/project11 [2ms]
2023-08-14 12:04:37.381 [info] > git status -z -uall [2ms]
2023-08-14 12:04:54.991 [info] > git show --textconv :playbooks/common.yml [5ms]
2023-08-14 12:04:54.995 [info] > git ls-files --stage -- /home/ubuntu/ansible-config-mgt/playbooks/common.yml [5ms]
2023-08-14 12:04:55.652 [info] > git config --get commit.template [5ms]
2023-08-14 12:04:55.653 [info] > git for-each-ref --format=%(refname)%00%(upstream:short)%00%(objectname)%00%(upstream:track)%00%(upstream:remotename)%00%(upstream:remoteref) refs/heads/project11 refs/remotes/project11 [2ms]
2023-08-14 12:04:55.659 [info] > git status -z -uall [3ms]
2023-08-14 12:05:28.274 [info] > git config --get commit.template [6ms]
2023-08-14 12:05:28.275 [info] > git for-each-ref --format=%(refname)%00%(upstream:short)%00%(objectname)%00%(upstream:track)%00%(upstream:remotename)%00%(upstream:remoteref) refs/heads/project11 refs/remotes/project11 [2ms]
2023-08-14 12:05:28.281 [info] > git status -z -uall [2ms]
2023-08-14 12:08:17.925 [info] > git fetch [239ms]
2023-08-14 12:08:17.934 [info] > git config --get commit.template [5ms]
2023-08-14 12:08:17.936 [info] > git for-each-ref --format=%(refname)%00%(upstream:short)%00%(objectname)%00%(upstream:track)%00%(upstream:remotename)%00%(upstream:remoteref) refs/heads/project11 refs/remotes/project11 [3ms]
2023-08-14 12:08:17.941 [info] > git status -z -uall [2ms]
2023-08-14 12:08:19.101 [info] > git config --get commit.template [5ms]
2023-08-14 12:08:19.102 [info] > git for-each-ref --format=%(refname)%00%(upstream:short)%00%(objectname)%00%(upstream:track)%00%(upstream:remotename)%00%(upstream:remoteref) refs/heads/project11 refs/remotes/project11 [2ms]
2023-08-14 12:08:19.107 [info] > git status -z -uall [2ms]
2023-08-14 12:08:19.227 [info] > git ls-files --stage -- /home/ubuntu/ansible-config-mgt/README.md [4ms]
2023-08-14 12:08:19.232 [info] > git cat-file -s cd446fe26b2ee8995c2e705019b0c50dd2a5d966 [1ms]
2023-08-14 12:08:19.266 [info] > git show --textconv :README.md [2ms]
2023-08-14 12:15:25.491 [info] > git fetch [194ms]
2023-08-14 12:15:25.501 [info] > git config --get commit.template [5ms]
2023-08-14 12:15:25.503 [info] > git for-each-ref --format=%(refname)%00%(upstream:short)%00%(objectname)%00%(upstream:track)%00%(upstream:remotename)%00%(upstream:remoteref) refs/heads/project11 refs/remotes/project11 [2ms]
2023-08-14 12:15:25.508 [info] > git status -z -uall [2ms]
2023-08-14 12:18:33.313 [info] > git config --get commit.template [5ms]
2023-08-14 12:18:33.316 [info] > git for-each-ref --format=%(refname)%00%(upstream:short)%00%(objectname)%00%(upstream:track)%00%(upstream:remotename)%00%(upstream:remoteref) refs/heads/project11 refs/remotes/project11 [4ms]
2023-08-14 12:18:33.323 [info] > git status -z -uall [4ms]
2023-08-14 12:18:33.420 [info] > git ls-files --stage -- /home/ubuntu/ansible-config-mgt/README.md [2ms]
2023-08-14 12:18:33.428 [info] > git cat-file -s cd446fe26b2ee8995c2e705019b0c50dd2a5d966 [5ms]
2023-08-14 12:18:33.463 [info] > git show --textconv :README.md [2ms]
2023-08-14 12:18:33.515 [info] > git fetch [213ms]
2023-08-14 12:18:33.523 [info] > git config --get commit.template [5ms]
2023-08-14 12:18:33.525 [info] > git for-each-ref --format=%(refname)%00%(upstream:short)%00%(objectname)%00%(upstream:track)%00%(upstream:remotename)%00%(upstream:remoteref) refs/heads/project11 refs/remotes/project11 [2ms]
2023-08-14 12:18:33.530 [info] > git status -z -uall [2ms]
2023-08-14 12:18:34.800 [info] > git ls-files --stage -- /home/ubuntu/ansible-config-mgt/README.md [2ms]
2023-08-14 12:18:34.805 [info] > git cat-file -s cd446fe26b2ee8995c2e705019b0c50dd2a5d966 [2ms]
2023-08-14 12:18:34.838 [info] > git show --textconv :README.md [2ms]
2023-08-14 12:18:38.335 [info] > git config --get commit.template [5ms]
2023-08-14 12:18:38.337 [info] > git for-each-ref --format=%(refname)%00%(upstream:short)%00%(objectname)%00%(upstream:track)%00%(upstream:remotename)%00%(upstream:remoteref) refs/heads/project11 refs/remotes/project11 [2ms]
2023-08-14 12:18:38.342 [info] > git status -z -uall [2ms]
2023-08-14 12:19:44.972 [info] > git show --textconv :inventory/dev.yml [6ms]
2023-08-14 12:19:44.974 [info] > git ls-files --stage -- /home/ubuntu/ansible-config-mgt/inventory/dev.yml [3ms]
2023-08-14 12:21:33.736 [info] > git fetch [199ms]
2023-08-14 12:21:33.746 [info] > git config --get commit.template [5ms]
2023-08-14 12:21:33.748 [info] > git for-each-ref --format=%(refname)%00%(upstream:short)%00%(objectname)%00%(upstream:track)%00%(upstream:remotename)%00%(upstream:remoteref) refs/heads/project11 refs/remotes/project11 [2ms]
2023-08-14 12:21:33.753 [info] > git status -z -uall [2ms]
2023-08-14 12:21:42.377 [info] > git config --get commit.template [6ms]
2023-08-14 12:21:42.379 [info] > git for-each-ref --format=%(refname)%00%(upstream:short)%00%(objectname)%00%(upstream:track)%00%(upstream:remotename)%00%(upstream:remoteref) refs/heads/project11 refs/remotes/project11 [3ms]
2023-08-14 12:21:42.407 [info] > git status -z -uall [14ms]
2023-08-14 12:21:42.408 [info] > git ls-files --stage -- /home/ubuntu/ansible-config-mgt/README.md [5ms]
2023-08-14 12:21:42.414 [info] > git ls-files --stage -- /home/ubuntu/ansible-config-mgt/inventory/dev.yml [6ms]
2023-08-14 12:21:42.416 [info] > git cat-file -s cd446fe26b2ee8995c2e705019b0c50dd2a5d966 [5ms]
2023-08-14 12:21:42.494 [info] > git show --textconv :inventory/dev.yml [5ms]
2023-08-14 12:21:42.497 [info] > git show --textconv :README.md [3ms]
2023-08-14 12:21:55.936 [info] > git config --get commit.template [5ms]
2023-08-14 12:21:55.938 [info] > git for-each-ref --format=%(refname)%00%(upstream:short)%00%(objectname)%00%(upstream:track)%00%(upstream:remotename)%00%(upstream:remoteref) refs/heads/project11 refs/remotes/project11 [2ms]
2023-08-14 12:21:55.943 [info] > git status -z -uall [2ms]
2023-08-14 12:23:52.070 [info] > git show --textconv :playbooks/common.yml [5ms]
2023-08-14 12:23:52.073 [info] > git ls-files --stage -- /home/ubuntu/ansible-config-mgt/playbooks/common.yml [3ms]
2023-08-14 12:24:33.952 [info] > git fetch [191ms]
2023-08-14 12:24:33.963 [info] > git config --get commit.template [6ms]
2023-08-14 12:24:33.965 [info] > git for-each-ref --format=%(refname)%00%(upstream:short)%00%(objectname)%00%(upstream:track)%00%(upstream:remotename)%00%(upstream:remoteref) refs/heads/project11 refs/remotes/project11 [3ms]
2023-08-14 12:24:33.970 [info] > git status -z -uall [2ms]
2023-08-14 12:24:35.126 [info] > git config --get commit.template [6ms]
2023-08-14 12:24:35.127 [info] > git for-each-ref --format=%(refname)%00%(upstream:short)%00%(objectname)%00%(upstream:track)%00%(upstream:remotename)%00%(upstream:remoteref) refs/heads/project11 refs/remotes/project11 [2ms]
2023-08-14 12:24:35.133 [info] > git status -z -uall [2ms]
2023-08-14 12:24:35.260 [info] > git ls-files --stage -- /home/ubuntu/ansible-config-mgt/inventory/dev.yml [5ms]
2023-08-14 12:24:35.261 [info] > git ls-files --stage -- /home/ubuntu/ansible-config-mgt/README.md [10ms]
2023-08-14 12:24:35.265 [info] > git ls-files --stage -- /home/ubuntu/ansible-config-mgt/playbooks/common.yml [6ms]
2023-08-14 12:24:35.268 [info] > git cat-file -s cd446fe26b2ee8995c2e705019b0c50dd2a5d966 [3ms]
2023-08-14 12:24:35.316 [info] > git show --textconv :inventory/dev.yml [7ms]
2023-08-14 12:24:35.321 [info] > git show --textconv :playbooks/common.yml [6ms]
2023-08-14 12:24:35.328 [info] > git show --textconv :README.md [2ms]
2023-08-14 12:25:37.965 [info] > git config --get commit.template [5ms]
2023-08-14 12:25:37.967 [info] > git for-each-ref --format=%(refname)%00%(upstream:short)%00%(objectname)%00%(upstream:track)%00%(upstream:remotename)%00%(upstream:remoteref) refs/heads/project11 refs/remotes/project11 [3ms]
2023-08-14 12:25:37.972 [info] > git status -z -uall [3ms]
2023-08-14 12:25:43.414 [info] > git config --get commit.template [5ms]
2023-08-14 12:25:43.416 [info] > git for-each-ref --format=%(refname)%00%(upstream:short)%00%(objectname)%00%(upstream:track)%00%(upstream:remotename)%00%(upstream:remoteref) refs/heads/project11 refs/remotes/project11 [2ms]
2023-08-14 12:25:43.421 [info] > git status -z -uall [2ms]
2023-08-14 12:25:55.479 [info] > git config --get commit.template [5ms]
2023-08-14 12:25:55.481 [info] > git for-each-ref --format=%(refname)%00%(upstream:short)%00%(objectname)%00%(upstream:track)%00%(upstream:remotename)%00%(upstream:remoteref) refs/heads/project11 refs/remotes/project11 [3ms]
2023-08-14 12:25:55.486 [info] > git status -z -uall [2ms]
2023-08-14 12:27:48.318 [info] > git fetch [259ms]
2023-08-14 12:27:48.328 [info] > git config --get commit.template [5ms]
2023-08-14 12:27:48.330 [info] > git for-each-ref --format=%(refname)%00%(upstream:short)%00%(objectname)%00%(upstream:track)%00%(upstream:remotename)%00%(upstream:remoteref) refs/heads/project11 refs/remotes/project11 [2ms]
2023-08-14 12:27:48.335 [info] > git status -z -uall [2ms]
2023-08-14 12:27:49.487 [info] > git config --get commit.template [6ms]
2023-08-14 12:27:49.489 [info] > git for-each-ref --format=%(refname)%00%(upstream:short)%00%(objectname)%00%(upstream:track)%00%(upstream:remotename)%00%(upstream:remoteref) refs/heads/project11 refs/remotes/project11 [3ms]
2023-08-14 12:27:49.494 [info] > git status -z -uall [2ms]
2023-08-14 12:27:49.621 [info] > git ls-files --stage -- /home/ubuntu/ansible-config-mgt/inventory/dev.yml [6ms]
2023-08-14 12:27:49.622 [info] > git ls-files --stage -- /home/ubuntu/ansible-config-mgt/README.md [11ms]
2023-08-14 12:27:49.627 [info] > git ls-files --stage -- /home/ubuntu/ansible-config-mgt/playbooks/common.yml [7ms]
2023-08-14 12:27:49.630 [info] > git cat-file -s cd446fe26b2ee8995c2e705019b0c50dd2a5d966 [4ms]
2023-08-14 12:27:49.673 [info] > git show --textconv :inventory/dev.yml [6ms]
2023-08-14 12:27:49.679 [info] > git show --textconv :playbooks/common.yml [7ms]
2023-08-14 12:27:49.682 [info] > git show --textconv :README.md [4ms]
2023-08-14 12:31:12.416 [info] > git fetch [192ms]
2023-08-14 12:31:12.426 [info] > git config --get commit.template [6ms]
2023-08-14 12:31:12.428 [info] > git for-each-ref --format=%(refname)%00%(upstream:short)%00%(objectname)%00%(upstream:track)%00%(upstream:remotename)%00%(upstream:remoteref) refs/heads/project11 refs/remotes/project11 [3ms]
2023-08-14 12:31:12.433 [info] > git status -z -uall [2ms]
2023-08-14 12:31:13.582 [info] > git config --get commit.template [6ms]
2023-08-14 12:31:13.584 [info] > git for-each-ref --format=%(refname)%00%(upstream:short)%00%(objectname)%00%(upstream:track)%00%(upstream:remotename)%00%(upstream:remoteref) refs/heads/project11 refs/remotes/project11 [3ms]
2023-08-14 12:31:13.589 [info] > git status -z -uall [3ms]
2023-08-14 12:31:13.712 [info] > git ls-files --stage -- /home/ubuntu/ansible-config-mgt/inventory/dev.yml [5ms]
2023-08-14 12:31:13.712 [info] > git ls-files --stage -- /home/ubuntu/ansible-config-mgt/README.md [10ms]
2023-08-14 12:31:13.718 [info] > git ls-files --stage -- /home/ubuntu/ansible-config-mgt/playbooks/common.yml [7ms]
2023-08-14 12:31:13.721 [info] > git cat-file -s cd446fe26b2ee8995c2e705019b0c50dd2a5d966 [5ms]
2023-08-14 12:31:13.758 [info] > git show --textconv :inventory/dev.yml [6ms]
2023-08-14 12:31:13.763 [info] > git show --textconv :playbooks/common.yml [6ms]
2023-08-14 12:31:13.766 [info] > git show --textconv :README.md [3ms]
2023-08-14 12:32:10.905 [info] > git add -A -- . [4ms]
2023-08-14 12:32:10.916 [info] > git -c user.useConfigOnly=true commit --quiet --allow-empty-message --file - [7ms]
2023-08-14 12:32:10.921 [info] > git config --get commit.template [2ms]
2023-08-14 12:32:10.932 [info] > git config --get commit.template [6ms]
2023-08-14 12:32:10.934 [info] > git for-each-ref --format=%(refname)%00%(upstream:short)%00%(objectname)%00%(upstream:track)%00%(upstream:remotename)%00%(upstream:remoteref) refs/heads/project11 refs/remotes/project11 [2ms]
2023-08-14 12:32:10.939 [info] > git status -z -uall [1ms]
2023-08-14 12:32:11.186 [info] > git for-each-ref --format=%(refname)%00%(upstream:short)%00%(objectname)%00%(upstream:track)%00%(upstream:remotename)%00%(upstream:remoteref) refs/heads/project11 refs/remotes/project11 [23ms]
2023-08-14 12:32:11.187 [info] > git config --get commit.template [28ms]
2023-08-14 12:32:11.194 [info] > git status -z -uall [3ms]
2023-08-14 12:32:12.299 [info] > git ls-files --stage -- /home/ubuntu/ansible-config-mgt/inventory/dev.yml [5ms]
2023-08-14 12:32:12.303 [info] > git ls-files --stage -- /home/ubuntu/ansible-config-mgt/README.md [15ms]
2023-08-14 12:32:12.307 [info] > git cat-file -s bcf8aad484ed63461f5fcce10dbe891154d7e47f [5ms]
2023-08-14 12:32:12.308 [info] > git ls-files --stage -- /home/ubuntu/ansible-config-mgt/playbooks/common.yml [10ms]
2023-08-14 12:32:12.312 [info] > git cat-file -s cd446fe26b2ee8995c2e705019b0c50dd2a5d966 [6ms]
2023-08-14 12:32:12.315 [info] > git cat-file -s 48edc15ad2d243ecfac6e39d936896f9554f3999 [3ms]
2023-08-14 12:32:12.356 [info] > git show --textconv :inventory/dev.yml [6ms]
2023-08-14 12:32:12.362 [info] > git show --textconv :README.md [7ms]
2023-08-14 12:32:12.364 [info] > git show --textconv :playbooks/common.yml [3ms]
2023-08-14 12:32:14.438 [info] > git push -u origin project11 [1205ms]
2023-08-14 12:32:14.438 [info] remote: 
remote: Create a pull request for 'project11' on GitHub by visiting:        
remote:      https://github.com/Sakirat/ansible-config-mgt/pull/new/project11        
remote: 
To https://github.com/Sakirat/ansible-config-mgt.git
 * [new branch]      project11 -> project11
2023-08-14 12:32:14.449 [info] > git config --get commit.template [5ms]
2023-08-14 12:32:14.454 [info] > git for-each-ref --format=%(refname)%00%(upstream:short)%00%(objectname)%00%(upstream:track)%00%(upstream:remotename)%00%(upstream:remoteref) refs/heads/project11 refs/remotes/project11 [2ms]
2023-08-14 12:32:14.461 [info] > git status -z -uall [2ms]
2023-08-14 12:32:15.544 [info] > git config --get commit.template [5ms]
2023-08-14 12:32:15.546 [info] > git for-each-ref --format=%(refname)%00%(upstream:short)%00%(objectname)%00%(upstream:track)%00%(upstream:remotename)%00%(upstream:remoteref) refs/heads/project11 refs/remotes/project11 [2ms]
2023-08-14 12:32:15.552 [info] > git status -z -uall [3ms]
2023-08-14 12:32:15.676 [info] > git ls-files --stage -- /home/ubuntu/ansible-config-mgt/inventory/dev.yml [5ms]
2023-08-14 12:32:15.680 [info] > git ls-files --stage -- /home/ubuntu/ansible-config-mgt/README.md [14ms]
2023-08-14 12:32:15.684 [info] > git cat-file -s bcf8aad484ed63461f5fcce10dbe891154d7e47f [5ms]
2023-08-14 12:32:15.685 [info] > git ls-files --stage -- /home/ubuntu/ansible-config-mgt/playbooks/common.yml [10ms]
2023-08-14 12:32:15.689 [info] > git cat-file -s cd446fe26b2ee8995c2e705019b0c50dd2a5d966 [6ms]
2023-08-14 12:32:15.692 [info] > git cat-file -s 48edc15ad2d243ecfac6e39d936896f9554f3999 [4ms]
2023-08-14 12:32:15.728 [info] > git show --textconv :inventory/dev.yml [6ms]
2023-08-14 12:32:15.734 [info] > git show --textconv :README.md [7ms]
2023-08-14 12:32:15.736 [info] > git show --textconv :playbooks/common.yml [3ms]
2023-08-14 12:32:35.917 [info] > git push origin project11:project11 [554ms]
2023-08-14 12:32:35.917 [info] Everything up-to-date
2023-08-14 12:32:35.928 [info] > git config --get commit.template [4ms]
2023-08-14 12:32:35.929 [info] > git for-each-ref --format=%(refname)%00%(upstream:short)%00%(objectname)%00%(upstream:track)%00%(upstream:remotename)%00%(upstream:remoteref) refs/heads/project11 refs/remotes/project11 [2ms]
2023-08-14 12:32:35.934 [info] > git status -z -uall [2ms]
2023-08-14 12:32:43.817 [info] > git log --oneline --cherry project11...project11@{upstream} -- [3ms]
2023-08-14 12:32:44.020 [info] > git pull --tags origin project11 [199ms]
2023-08-14 12:32:44.020 [info] From https://github.com/Sakirat/ansible-config-mgt
 * branch            project11  -> FETCH_HEAD
2023-08-14 12:32:44.030 [info] > git config --get commit.template [5ms]
2023-08-14 12:32:44.032 [info] > git for-each-ref --format=%(refname)%00%(upstream:short)%00%(objectname)%00%(upstream:track)%00%(upstream:remotename)%00%(upstream:remoteref) refs/heads/project11 refs/remotes/project11 [3ms]
2023-08-14 12:32:44.037 [info] > git status -z -uall [2ms]
2023-08-14 12:32:45.187 [info] > git config --get commit.template [5ms]
2023-08-14 12:32:45.188 [info] > git for-each-ref --format=%(refname)%00%(upstream:short)%00%(objectname)%00%(upstream:track)%00%(upstream:remotename)%00%(upstream:remoteref) refs/heads/project11 refs/remotes/project11 [2ms]
2023-08-14 12:32:45.193 [info] > git status -z -uall [2ms]
2023-08-14 12:32:45.320 [info] > git ls-files --stage -- /home/ubuntu/ansible-config-mgt/inventory/dev.yml [5ms]
2023-08-14 12:32:45.324 [info] > git ls-files --stage -- /home/ubuntu/ansible-config-mgt/README.md [14ms]
2023-08-14 12:32:45.328 [info] > git cat-file -s bcf8aad484ed63461f5fcce10dbe891154d7e47f [4ms]
2023-08-14 12:32:45.329 [info] > git ls-files --stage -- /home/ubuntu/ansible-config-mgt/playbooks/common.yml [10ms]
2023-08-14 12:32:45.334 [info] > git cat-file -s cd446fe26b2ee8995c2e705019b0c50dd2a5d966 [5ms]
2023-08-14 12:32:45.336 [info] > git cat-file -s 48edc15ad2d243ecfac6e39d936896f9554f3999 [3ms]
2023-08-14 12:32:45.377 [info] > git show --textconv :inventory/dev.yml [6ms]
2023-08-14 12:32:45.383 [info] > git show --textconv :README.md [7ms]
2023-08-14 12:32:45.391 [info] > git show --textconv :playbooks/common.yml [9ms]
2023-08-14 12:44:08.826 [info] > git fetch [346ms]
2023-08-14 12:44:08.827 [info] From https://github.com/Sakirat/ansible-config-mgt
   5db7689..f493cf3  main       -> origin/main
2023-08-14 12:44:08.836 [info] > git config --get commit.template [5ms]
2023-08-14 12:44:08.838 [info] > git for-each-ref --format=%(refname)%00%(upstream:short)%00%(objectname)%00%(upstream:track)%00%(upstream:remotename)%00%(upstream:remoteref) refs/heads/project11 refs/remotes/project11 [2ms]
2023-08-14 12:44:08.843 [info] > git status -z -uall [2ms]
2023-08-14 12:44:09.987 [info] > git config --get commit.template [5ms]
2023-08-14 12:44:09.989 [info] > git for-each-ref --format=%(refname)%00%(upstream:short)%00%(objectname)%00%(upstream:track)%00%(upstream:remotename)%00%(upstream:remoteref) refs/heads/project11 refs/remotes/project11 [2ms]
2023-08-14 12:44:09.994 [info] > git status -z -uall [2ms]
2023-08-14 12:44:10.121 [info] > git ls-files --stage -- /home/ubuntu/ansible-config-mgt/inventory/dev.yml [5ms]
2023-08-14 12:44:10.126 [info] > git ls-files --stage -- /home/ubuntu/ansible-config-mgt/README.md [15ms]
2023-08-14 12:44:10.131 [info] > git cat-file -s bcf8aad484ed63461f5fcce10dbe891154d7e47f [5ms]
2023-08-14 12:44:10.131 [info] > git ls-files --stage -- /home/ubuntu/ansible-config-mgt/playbooks/common.yml [11ms]
2023-08-14 12:44:10.137 [info] > git cat-file -s cd446fe26b2ee8995c2e705019b0c50dd2a5d966 [7ms]
2023-08-14 12:44:10.140 [info] > git cat-file -s 48edc15ad2d243ecfac6e39d936896f9554f3999 [4ms]
2023-08-14 12:44:10.183 [info] > git show --textconv :inventory/dev.yml [6ms]
2023-08-14 12:44:10.193 [info] > git show --textconv :README.md [11ms]
2023-08-14 12:44:10.196 [info] > git show --textconv :playbooks/common.yml [3ms]
2023-08-14 12:49:21.766 [info] > git fetch [193ms]
2023-08-14 12:49:21.776 [info] > git config --get commit.template [4ms]
2023-08-14 12:49:21.777 [info] > git for-each-ref --format=%(refname)%00%(upstream:short)%00%(objectname)%00%(upstream:track)%00%(upstream:remotename)%00%(upstream:remoteref) refs/heads/project11 refs/remotes/project11 [2ms]
2023-08-14 12:49:21.782 [info] > git status -z -uall [2ms]
2023-08-14 12:49:22.976 [info] > git config --get commit.template [5ms]
2023-08-14 12:49:22.978 [info] > git for-each-ref --format=%(refname)%00%(upstream:short)%00%(objectname)%00%(upstream:track)%00%(upstream:remotename)%00%(upstream:remoteref) refs/heads/project11 refs/remotes/project11 [2ms]
2023-08-14 12:49:22.983 [info] > git status -z -uall [2ms]
2023-08-14 12:49:23.108 [info] > git ls-files --stage -- /home/ubuntu/ansible-config-mgt/inventory/dev.yml [5ms]
2023-08-14 12:49:23.112 [info] > git ls-files --stage -- /home/ubuntu/ansible-config-mgt/README.md [14ms]
2023-08-14 12:49:23.117 [info] > git cat-file -s bcf8aad484ed63461f5fcce10dbe891154d7e47f [4ms]
2023-08-14 12:49:23.117 [info] > git ls-files --stage -- /home/ubuntu/ansible-config-mgt/playbooks/common.yml [10ms]
2023-08-14 12:49:23.123 [info] > git cat-file -s cd446fe26b2ee8995c2e705019b0c50dd2a5d966 [7ms]
2023-08-14 12:49:23.126 [info] > git cat-file -s 48edc15ad2d243ecfac6e39d936896f9554f3999 [5ms]
2023-08-14 12:49:23.160 [info] > git show --textconv :inventory/dev.yml [6ms]
2023-08-14 12:49:23.166 [info] > git show --textconv :README.md [7ms]
2023-08-14 12:49:23.169 [info] > git show --textconv :playbooks/common.yml [3ms]
2023-08-14 12:52:21.973 [info] > git fetch [183ms]
2023-08-14 12:52:21.986 [info] > git config --get commit.template [5ms]
2023-08-14 12:52:21.988 [info] > git for-each-ref --format=%(refname)%00%(upstream:short)%00%(objectname)%00%(upstream:track)%00%(upstream:remotename)%00%(upstream:remoteref) refs/heads/project11 refs/remotes/project11 [2ms]
2023-08-14 12:52:21.993 [info] > git status -z -uall [2ms]
2023-08-14 12:52:23.136 [info] > git config --get commit.template [5ms]
2023-08-14 12:52:23.137 [info] > git for-each-ref --format=%(refname)%00%(upstream:short)%00%(objectname)%00%(upstream:track)%00%(upstream:remotename)%00%(upstream:remoteref) refs/heads/project11 refs/remotes/project11 [2ms]
2023-08-14 12:52:23.142 [info] > git status -z -uall [2ms]
2023-08-14 12:52:23.268 [info] > git ls-files --stage -- /home/ubuntu/ansible-config-mgt/inventory/dev.yml [5ms]
2023-08-14 12:52:23.272 [info] > git ls-files --stage -- /home/ubuntu/ansible-config-mgt/README.md [14ms]
2023-08-14 12:52:23.277 [info] > git cat-file -s bcf8aad484ed63461f5fcce10dbe891154d7e47f [4ms]
2023-08-14 12:52:23.277 [info] > git ls-files --stage -- /home/ubuntu/ansible-config-mgt/playbooks/common.yml [10ms]
2023-08-14 12:52:23.283 [info] > git cat-file -s cd446fe26b2ee8995c2e705019b0c50dd2a5d966 [7ms]
2023-08-14 12:52:23.286 [info] > git cat-file -s 48edc15ad2d243ecfac6e39d936896f9554f3999 [3ms]
2023-08-14 12:52:23.325 [info] > git show --textconv :inventory/dev.yml [6ms]
2023-08-14 12:52:23.331 [info] > git show --textconv :README.md [7ms]
2023-08-14 12:52:23.333 [info] > git show --textconv :playbooks/common.yml [3ms]
2023-08-14 12:55:22.197 [info] > git fetch [194ms]
2023-08-14 12:55:22.209 [info] > git config --get commit.template [4ms]
2023-08-14 12:55:22.210 [info] > git for-each-ref --format=%(refname)%00%(upstream:short)%00%(objectname)%00%(upstream:track)%00%(upstream:remotename)%00%(upstream:remoteref) refs/heads/project11 refs/remotes/project11 [2ms]
2023-08-14 12:55:22.216 [info] > git status -z -uall [2ms]
2023-08-14 12:55:23.360 [info] > git config --get commit.template [7ms]
2023-08-14 12:55:23.362 [info] > git for-each-ref --format=%(refname)%00%(upstream:short)%00%(objectname)%00%(upstream:track)%00%(upstream:remotename)%00%(upstream:remoteref) refs/heads/project11 refs/remotes/project11 [2ms]
2023-08-14 12:55:23.367 [info] > git status -z -uall [2ms]
2023-08-14 12:55:23.491 [info] > git ls-files --stage -- /home/ubuntu/ansible-config-mgt/inventory/dev.yml [5ms]
2023-08-14 12:55:23.496 [info] > git ls-files --stage -- /home/ubuntu/ansible-config-mgt/README.md [15ms]
2023-08-14 12:55:23.500 [info] > git cat-file -s bcf8aad484ed63461f5fcce10dbe891154d7e47f [5ms]
2023-08-14 12:55:23.501 [info] > git ls-files --stage -- /home/ubuntu/ansible-config-mgt/playbooks/common.yml [11ms]
2023-08-14 12:55:23.506 [info] > git cat-file -s cd446fe26b2ee8995c2e705019b0c50dd2a5d966 [6ms]
2023-08-14 12:55:23.508 [info] > git cat-file -s 48edc15ad2d243ecfac6e39d936896f9554f3999 [3ms]
2023-08-14 12:55:23.545 [info] > git show --textconv :inventory/dev.yml [7ms]
2023-08-14 12:55:23.551 [info] > git show --textconv :README.md [7ms]
2023-08-14 12:55:23.557 [info] > git show --textconv :playbooks/common.yml [7ms]
2023-08-14 12:56:18.889 [info] > git for-each-ref --sort -committerdate --format %(refname) %(objectname) %(*objectname) [3ms]
2023-08-14 12:56:27.317 [info] > git checkout -q main [9ms]
2023-08-14 12:56:27.327 [info] > git config --get commit.template [5ms]
2023-08-14 12:56:27.329 [info] > git for-each-ref --format=%(refname)%00%(upstream:short)%00%(objectname)%00%(upstream:track)%00%(upstream:remotename)%00%(upstream:remoteref) refs/heads/main refs/remotes/main [3ms]
2023-08-14 12:56:27.334 [info] > git status -z -uall [2ms]
2023-08-14 12:56:28.455 [info] > git config --get commit.template [5ms]
2023-08-14 12:56:28.457 [info] > git for-each-ref --format=%(refname)%00%(upstream:short)%00%(objectname)%00%(upstream:track)%00%(upstream:remotename)%00%(upstream:remoteref) refs/heads/main refs/remotes/main [2ms]
2023-08-14 12:56:28.463 [info] > git status -z -uall [2ms]
2023-08-14 12:56:28.589 [info] > git ls-files --stage -- /home/ubuntu/ansible-config-mgt/inventory/dev.yml [5ms]
2023-08-14 12:56:28.589 [info] > git ls-files --stage -- /home/ubuntu/ansible-config-mgt/README.md [10ms]
2023-08-14 12:56:28.595 [info] > git ls-files --stage -- /home/ubuntu/ansible-config-mgt/playbooks/common.yml [7ms]
2023-08-14 12:56:28.598 [info] > git cat-file -s cd446fe26b2ee8995c2e705019b0c50dd2a5d966 [5ms]
2023-08-14 12:56:28.638 [info] > git show --textconv :inventory/dev.yml [6ms]
2023-08-14 12:56:28.643 [info] > git show --textconv :playbooks/common.yml [6ms]
2023-08-14 12:56:28.646 [info] > git show --textconv :README.md [3ms]
2023-08-14 12:58:09.799 [info] > git log --oneline --cherry main...main@{upstream} -- [2ms]
2023-08-14 12:58:10.016 [info] > git pull --tags origin main [214ms]
2023-08-14 12:58:10.016 [info] From https://github.com/Sakirat/ansible-config-mgt
 * branch            main       -> FETCH_HEAD
2023-08-14 12:58:10.028 [info] > git config --get commit.template [5ms]
2023-08-14 12:58:10.029 [info] > git for-each-ref --format=%(refname)%00%(upstream:short)%00%(objectname)%00%(upstream:track)%00%(upstream:remotename)%00%(upstream:remoteref) refs/heads/main refs/remotes/main [2ms]
2023-08-14 12:58:10.036 [info] > git status -z -uall [2ms]
2023-08-14 12:58:11.184 [info] > git config --get commit.template [7ms]
2023-08-14 12:58:11.186 [info] > git for-each-ref --format=%(refname)%00%(upstream:short)%00%(objectname)%00%(upstream:track)%00%(upstream:remotename)%00%(upstream:remoteref) refs/heads/main refs/remotes/main [2ms]
2023-08-14 12:58:11.191 [info] > git status -z -uall [2ms]
2023-08-14 12:58:11.314 [info] > git ls-files --stage -- /home/ubuntu/ansible-config-mgt/inventory/dev.yml [5ms]
2023-08-14 12:58:11.318 [info] > git ls-files --stage -- /home/ubuntu/ansible-config-mgt/README.md [14ms]
2023-08-14 12:58:11.323 [info] > git cat-file -s bcf8aad484ed63461f5fcce10dbe891154d7e47f [5ms]
2023-08-14 12:58:11.324 [info] > git ls-files --stage -- /home/ubuntu/ansible-config-mgt/playbooks/common.yml [11ms]
2023-08-14 12:58:11.328 [info] > git cat-file -s cd446fe26b2ee8995c2e705019b0c50dd2a5d966 [6ms]
2023-08-14 12:58:11.331 [info] > git cat-file -s 48edc15ad2d243ecfac6e39d936896f9554f3999 [3ms]
2023-08-14 12:58:11.365 [info] > git show --textconv :inventory/dev.yml [6ms]
2023-08-14 12:58:11.372 [info] > git show --textconv :README.md [8ms]
2023-08-14 12:58:11.375 [info] > git show --textconv :playbooks/common.yml [3ms]
2023-08-14 12:58:31.267 [info] > git fetch [181ms]
2023-08-14 12:58:31.277 [info] > git config --get commit.template [5ms]
2023-08-14 12:58:31.279 [info] > git for-each-ref --format=%(refname)%00%(upstream:short)%00%(objectname)%00%(upstream:track)%00%(upstream:remotename)%00%(upstream:remoteref) refs/heads/main refs/remotes/main [3ms]
2023-08-14 12:58:31.285 [info] > git status -z -uall [3ms]
2023-08-14 12:58:32.431 [info] > git config --get commit.template [6ms]
2023-08-14 12:58:32.432 [info] > git for-each-ref --format=%(refname)%00%(upstream:short)%00%(objectname)%00%(upstream:track)%00%(upstream:remotename)%00%(upstream:remoteref) refs/heads/main refs/remotes/main [2ms]
2023-08-14 12:58:32.438 [info] > git status -z -uall [2ms]
2023-08-14 12:58:32.564 [info] > git ls-files --stage -- /home/ubuntu/ansible-config-mgt/inventory/dev.yml [5ms]
2023-08-14 12:58:32.569 [info] > git ls-files --stage -- /home/ubuntu/ansible-config-mgt/README.md [15ms]
2023-08-14 12:58:32.574 [info] > git cat-file -s bcf8aad484ed63461f5fcce10dbe891154d7e47f [5ms]
2023-08-14 12:58:32.575 [info] > git ls-files --stage -- /home/ubuntu/ansible-config-mgt/playbooks/common.yml [11ms]
2023-08-14 12:58:32.579 [info] > git cat-file -s cd446fe26b2ee8995c2e705019b0c50dd2a5d966 [6ms]
2023-08-14 12:58:32.581 [info] > git cat-file -s 48edc15ad2d243ecfac6e39d936896f9554f3999 [3ms]
2023-08-14 12:58:32.618 [info] > git show --textconv :inventory/dev.yml [2ms]
2023-08-14 12:58:32.628 [info] > git show --textconv :README.md [6ms]
2023-08-14 12:58:32.631 [info] > git show --textconv :playbooks/common.yml [4ms]
2023-08-14 13:02:34.796 [info] > git fetch [194ms]
2023-08-14 13:02:34.818 [info] > git config --get commit.template [13ms]
2023-08-14 13:02:34.820 [info] > git for-each-ref --format=%(refname)%00%(upstream:short)%00%(objectname)%00%(upstream:track)%00%(upstream:remotename)%00%(upstream:remoteref) refs/heads/main refs/remotes/main [3ms]
2023-08-14 13:02:34.825 [info] > git status -z -uall [2ms]
2023-08-14 13:02:36.158 [info] > git config --get commit.template [5ms]
2023-08-14 13:02:36.159 [info] > git for-each-ref --format=%(refname)%00%(upstream:short)%00%(objectname)%00%(upstream:track)%00%(upstream:remotename)%00%(upstream:remoteref) refs/heads/main refs/remotes/main [2ms]
2023-08-14 13:02:36.165 [info] > git status -z -uall [2ms]
2023-08-14 13:02:36.291 [info] > git ls-files --stage -- /home/ubuntu/ansible-config-mgt/inventory/dev.yml [5ms]
2023-08-14 13:02:36.296 [info] > git ls-files --stage -- /home/ubuntu/ansible-config-mgt/README.md [15ms]
2023-08-14 13:02:36.300 [info] > git cat-file -s bcf8aad484ed63461f5fcce10dbe891154d7e47f [5ms]
2023-08-14 13:02:36.301 [info] > git ls-files --stage -- /home/ubuntu/ansible-config-mgt/playbooks/common.yml [11ms]
2023-08-14 13:02:36.306 [info] > git cat-file -s cd446fe26b2ee8995c2e705019b0c50dd2a5d966 [5ms]
2023-08-14 13:02:36.308 [info] > git cat-file -s 48edc15ad2d243ecfac6e39d936896f9554f3999 [3ms]
2023-08-14 13:02:36.347 [info] > git show --textconv :inventory/dev.yml [7ms]
2023-08-14 13:02:36.353 [info] > git show --textconv :README.md [8ms]
2023-08-14 13:02:36.355 [info] > git show --textconv :playbooks/common.yml [3ms]
2023-08-14 13:07:09.272 [info] > git fetch [217ms]
2023-08-14 13:07:09.282 [info] > git config --get commit.template [4ms]
2023-08-14 13:07:09.283 [info] > git for-each-ref --format=%(refname)%00%(upstream:short)%00%(objectname)%00%(upstream:track)%00%(upstream:remotename)%00%(upstream:remoteref) refs/heads/main refs/remotes/main [2ms]
2023-08-14 13:07:09.288 [info] > git status -z -uall [2ms]
2023-08-14 13:07:10.594 [info] > git config --get commit.template [5ms]
2023-08-14 13:07:10.596 [info] > git for-each-ref --format=%(refname)%00%(upstream:short)%00%(objectname)%00%(upstream:track)%00%(upstream:remotename)%00%(upstream:remoteref) refs/heads/main refs/remotes/main [3ms]
2023-08-14 13:07:10.601 [info] > git status -z -uall [1ms]
2023-08-14 13:07:10.729 [info] > git ls-files --stage -- /home/ubuntu/ansible-config-mgt/inventory/dev.yml [6ms]
2023-08-14 13:07:10.733 [info] > git ls-files --stage -- /home/ubuntu/ansible-config-mgt/README.md [15ms]
2023-08-14 13:07:10.737 [info] > git cat-file -s bcf8aad484ed63461f5fcce10dbe891154d7e47f [5ms]
2023-08-14 13:07:10.738 [info] > git ls-files --stage -- /home/ubuntu/ansible-config-mgt/playbooks/common.yml [10ms]
2023-08-14 13:07:10.742 [info] > git cat-file -s cd446fe26b2ee8995c2e705019b0c50dd2a5d966 [6ms]
2023-08-14 13:07:10.745 [info] > git cat-file -s 48edc15ad2d243ecfac6e39d936896f9554f3999 [3ms]
2023-08-14 13:07:10.780 [info] > git show --textconv :inventory/dev.yml [6ms]
2023-08-14 13:07:10.787 [info] > git show --textconv :README.md [7ms]
2023-08-14 13:07:10.789 [info] > git show --textconv :playbooks/common.yml [3ms]
