2023-08-17 03:28:49.085 [info] Log level: Info
2023-08-17 03:28:49.085 [info] Validating found git in: "git"
2023-08-17 03:28:49.085 [info] Using git "2.25.1" from "git"
2023-08-17 03:28:49.085 [info] > git rev-parse --show-toplevel [5ms]
2023-08-17 03:28:49.085 [info] > git rev-parse --git-dir --git-common-dir [2ms]
2023-08-17 03:28:49.086 [info] Open repository: /home/ubuntu
2023-08-17 03:28:49.086 [info] > git config --get commit.template [11ms]
2023-08-17 03:28:49.086 [info] > git rev-parse --show-toplevel [12ms]
2023-08-17 03:28:49.086 [info] > git for-each-ref --format=%(refname)%00%(upstream:short)%00%(objectname)%00%(upstream:track)%00%(upstream:remotename)%00%(upstream:remoteref) refs/heads/master refs/remotes/master [10ms]
2023-08-17 03:28:49.086 [info] > git rev-parse --git-dir --git-common-dir [4ms]
2023-08-17 03:28:49.086 [info] Open repository: /home/ubuntu/ansible-config-mgt
2023-08-17 03:28:49.086 [info] > git status -z -uall [84ms]
2023-08-17 03:28:49.087 [info] > git rev-parse --show-toplevel [13ms]
2023-08-17 03:28:49.087 [info] > git config --get commit.template [59ms]
2023-08-17 03:28:49.087 [info] > git for-each-ref --format=%(refname)%00%(upstream:short)%00%(objectname)%00%(upstream:track)%00%(upstream:remotename)%00%(upstream:remoteref) refs/heads/main refs/remotes/main [62ms]
2023-08-17 03:28:49.087 [info] > git config --get commit.template [18ms]
2023-08-17 03:28:49.087 [info] > git status -z -uall [18ms]
2023-08-17 03:28:49.088 [info] > git for-each-ref --format=%(refname)%00%(upstream:short)%00%(objectname)%00%(upstream:track)%00%(upstream:remotename)%00%(upstream:remoteref) refs/heads/master refs/remotes/master [27ms]
2023-08-17 03:28:49.088 [info] > git status -z -uall [59ms]
2023-08-17 03:28:49.088 [info] > git config --get commit.template [69ms]
2023-08-17 03:28:49.088 [info] > git rev-parse --show-toplevel [75ms]
2023-08-17 03:28:49.088 [info] > git for-each-ref --format=%(refname)%00%(upstream:short)%00%(objectname)%00%(upstream:track)%00%(upstream:remotename)%00%(upstream:remoteref) refs/heads/main refs/remotes/main [10ms]
2023-08-17 03:28:49.088 [info] > git rev-parse --show-toplevel [5ms]
2023-08-17 03:28:49.088 [info] > git status -z -uall [7ms]
2023-08-17 03:28:49.089 [info] > git rev-parse --show-toplevel [5ms]
2023-08-17 03:28:49.089 [info] > git rev-parse --show-toplevel [1ms]
2023-08-17 03:28:49.089 [info] > git fetch [356ms]
2023-08-17 03:28:49.089 [info] > git config --get commit.template [4ms]
2023-08-17 03:28:49.089 [info] > git for-each-ref --format=%(refname)%00%(upstream:short)%00%(objectname)%00%(upstream:track)%00%(upstream:remotename)%00%(upstream:remoteref) refs/heads/master refs/remotes/master [3ms]
2023-08-17 03:28:49.089 [info] > git status -z -uall [41ms]
2023-08-17 03:28:49.089 [info] > git fetch [327ms]
2023-08-17 03:28:49.089 [info] > git config --get commit.template [5ms]
2023-08-17 03:28:49.089 [info] > git for-each-ref --format=%(refname)%00%(upstream:short)%00%(objectname)%00%(upstream:track)%00%(upstream:remotename)%00%(upstream:remoteref) refs/heads/main refs/remotes/main [2ms]
2023-08-17 03:28:49.089 [info] > git status -z -uall [3ms]
2023-08-17 03:28:49.621 [info] > git check-ignore -v -z --stdin [10ms]
2023-08-17 03:28:49.702 [info] > git check-ignore -v -z --stdin [83ms]
2023-08-17 03:28:50.170 [info] > git show --textconv :static-assignments/common.yml [6ms]
2023-08-17 03:28:50.173 [info] > git ls-files --stage -- /home/ubuntu/ansible-config-mgt/static-assignments/common.yml [4ms]
2023-08-17 03:28:50.178 [info] > git cat-file -s 4e4651f4ba93f4b7ffdc2578c6a7cc1fc75f1032 [2ms]
2023-08-17 03:28:50.490 [info] > git config --get commit.template [14ms]
2023-08-17 03:28:50.514 [info] > git for-each-ref --format=%(refname)%00%(upstream:short)%00%(objectname)%00%(upstream:track)%00%(upstream:remotename)%00%(upstream:remoteref) refs/heads/main refs/remotes/main [9ms]
2023-08-17 03:28:50.540 [info] > git status -z -uall [15ms]
2023-08-17 03:28:50.578 [info] > git ls-files --stage -- /home/ubuntu/ansible-config-mgt/static-assignments/common.yml [2ms]
2023-08-17 03:28:50.582 [info] > git cat-file -s 4e4651f4ba93f4b7ffdc2578c6a7cc1fc75f1032 [2ms]
2023-08-17 03:28:50.616 [info] > git check-ignore -v -z --stdin [3ms]
2023-08-17 03:28:50.686 [info] > git show --textconv :static-assignments/common.yml [29ms]
2023-08-17 03:28:54.413 [info] > git config --get commit.template [6ms]
2023-08-17 03:28:54.415 [info] > git for-each-ref --format=%(refname)%00%(upstream:short)%00%(objectname)%00%(upstream:track)%00%(upstream:remotename)%00%(upstream:remoteref) refs/heads/master refs/remotes/master [3ms]
2023-08-17 03:28:54.436 [info] > git status -z -uall [17ms]
2023-08-17 03:29:11.918 [info] > git config --get commit.template [5ms]
2023-08-17 03:29:11.920 [info] > git for-each-ref --format=%(refname)%00%(upstream:short)%00%(objectname)%00%(upstream:track)%00%(upstream:remotename)%00%(upstream:remoteref) refs/heads/master refs/remotes/master [3ms]
2023-08-17 03:29:11.944 [info] > git status -z -uall [21ms]
2023-08-17 03:29:14.752 [info] > git check-ignore -v -z --stdin [2ms]
2023-08-17 03:29:16.285 [info] > git show --textconv :dynamic-assignments/env-vars.yml [5ms]
2023-08-17 03:29:16.288 [info] > git ls-files --stage -- /home/ubuntu/ansible-config-mgt/dynamic-assignments/env-vars.yml [4ms]
2023-08-17 03:29:16.293 [info] > git cat-file -s 8b3bc42e75d670b8e47559647754f971a561cb91 [2ms]
2023-08-17 03:29:16.959 [info] > git config --get commit.template [5ms]
2023-08-17 03:29:16.961 [info] > git for-each-ref --format=%(refname)%00%(upstream:short)%00%(objectname)%00%(upstream:track)%00%(upstream:remotename)%00%(upstream:remoteref) refs/heads/master refs/remotes/master [3ms]
2023-08-17 03:29:16.982 [info] > git status -z -uall [18ms]
2023-08-17 03:29:21.997 [info] > git config --get commit.template [6ms]
2023-08-17 03:29:21.999 [info] > git for-each-ref --format=%(refname)%00%(upstream:short)%00%(objectname)%00%(upstream:track)%00%(upstream:remotename)%00%(upstream:remoteref) refs/heads/master refs/remotes/master [3ms]
2023-08-17 03:29:22.019 [info] > git status -z -uall [17ms]
2023-08-17 03:29:27.034 [info] > git config --get commit.template [7ms]
2023-08-17 03:29:27.036 [info] > git for-each-ref --format=%(refname)%00%(upstream:short)%00%(objectname)%00%(upstream:track)%00%(upstream:remotename)%00%(upstream:remoteref) refs/heads/master refs/remotes/master [5ms]
2023-08-17 03:29:27.056 [info] > git status -z -uall [17ms]
2023-08-17 03:29:32.070 [info] > git config --get commit.template [5ms]
2023-08-17 03:29:32.072 [info] > git for-each-ref --format=%(refname)%00%(upstream:short)%00%(objectname)%00%(upstream:track)%00%(upstream:remotename)%00%(upstream:remoteref) refs/heads/master refs/remotes/master [3ms]
2023-08-17 03:29:32.092 [info] > git status -z -uall [17ms]
2023-08-17 03:29:37.106 [info] > git config --get commit.template [6ms]
2023-08-17 03:29:37.108 [info] > git for-each-ref --format=%(refname)%00%(upstream:short)%00%(objectname)%00%(upstream:track)%00%(upstream:remotename)%00%(upstream:remoteref) refs/heads/master refs/remotes/master [2ms]
2023-08-17 03:29:37.129 [info] > git status -z -uall [18ms]
2023-08-17 03:29:42.141 [info] > git config --get commit.template [5ms]
2023-08-17 03:29:42.143 [info] > git for-each-ref --format=%(refname)%00%(upstream:short)%00%(objectname)%00%(upstream:track)%00%(upstream:remotename)%00%(upstream:remoteref) refs/heads/master refs/remotes/master [3ms]
2023-08-17 03:29:42.164 [info] > git status -z -uall [18ms]
2023-08-17 03:29:47.178 [info] > git config --get commit.template [5ms]
2023-08-17 03:29:47.180 [info] > git for-each-ref --format=%(refname)%00%(upstream:short)%00%(objectname)%00%(upstream:track)%00%(upstream:remotename)%00%(upstream:remoteref) refs/heads/master refs/remotes/master [3ms]
2023-08-17 03:29:47.201 [info] > git status -z -uall [18ms]
2023-08-17 03:29:52.214 [info] > git config --get commit.template [5ms]
2023-08-17 03:29:52.216 [info] > git for-each-ref --format=%(refname)%00%(upstream:short)%00%(objectname)%00%(upstream:track)%00%(upstream:remotename)%00%(upstream:remoteref) refs/heads/master refs/remotes/master [3ms]
2023-08-17 03:29:52.235 [info] > git status -z -uall [17ms]
2023-08-17 03:29:57.248 [info] > git config --get commit.template [6ms]
2023-08-17 03:29:57.250 [info] > git for-each-ref --format=%(refname)%00%(upstream:short)%00%(objectname)%00%(upstream:track)%00%(upstream:remotename)%00%(upstream:remoteref) refs/heads/master refs/remotes/master [3ms]
2023-08-17 03:29:57.270 [info] > git status -z -uall [17ms]
2023-08-17 03:30:11.147 [info] > git config --get commit.template [4ms]
2023-08-17 03:30:11.150 [info] > git for-each-ref --format=%(refname)%00%(upstream:short)%00%(objectname)%00%(upstream:track)%00%(upstream:remotename)%00%(upstream:remoteref) refs/heads/master refs/remotes/master [3ms]
2023-08-17 03:30:11.169 [info] > git status -z -uall [17ms]
2023-08-17 03:30:16.183 [info] > git config --get commit.template [5ms]
2023-08-17 03:30:16.185 [info] > git for-each-ref --format=%(refname)%00%(upstream:short)%00%(objectname)%00%(upstream:track)%00%(upstream:remotename)%00%(upstream:remoteref) refs/heads/master refs/remotes/master [3ms]
2023-08-17 03:30:16.210 [info] > git status -z -uall [21ms]
2023-08-17 03:30:21.223 [info] > git config --get commit.template [5ms]
2023-08-17 03:30:21.226 [info] > git for-each-ref --format=%(refname)%00%(upstream:short)%00%(objectname)%00%(upstream:track)%00%(upstream:remotename)%00%(upstream:remoteref) refs/heads/master refs/remotes/master [3ms]
2023-08-17 03:30:21.245 [info] > git status -z -uall [17ms]
2023-08-17 03:30:42.779 [info] > git config --get commit.template [5ms]
2023-08-17 03:30:42.781 [info] > git for-each-ref --format=%(refname)%00%(upstream:short)%00%(objectname)%00%(upstream:track)%00%(upstream:remotename)%00%(upstream:remoteref) refs/heads/master refs/remotes/master [3ms]
2023-08-17 03:30:42.800 [info] > git status -z -uall [16ms]
2023-08-17 03:30:47.813 [info] > git config --get commit.template [5ms]
2023-08-17 03:30:47.815 [info] > git for-each-ref --format=%(refname)%00%(upstream:short)%00%(objectname)%00%(upstream:track)%00%(upstream:remotename)%00%(upstream:remoteref) refs/heads/master refs/remotes/master [2ms]
2023-08-17 03:30:47.835 [info] > git status -z -uall [17ms]
2023-08-17 03:30:52.849 [info] > git config --get commit.template [6ms]
2023-08-17 03:30:52.851 [info] > git for-each-ref --format=%(refname)%00%(upstream:short)%00%(objectname)%00%(upstream:track)%00%(upstream:remotename)%00%(upstream:remoteref) refs/heads/master refs/remotes/master [2ms]
2023-08-17 03:30:52.871 [info] > git status -z -uall [17ms]
2023-08-17 03:30:57.884 [info] > git config --get commit.template [5ms]
2023-08-17 03:30:57.886 [info] > git for-each-ref --format=%(refname)%00%(upstream:short)%00%(objectname)%00%(upstream:track)%00%(upstream:remotename)%00%(upstream:remoteref) refs/heads/master refs/remotes/master [3ms]
2023-08-17 03:30:57.905 [info] > git status -z -uall [16ms]
2023-08-17 03:31:02.919 [info] > git config --get commit.template [5ms]
2023-08-17 03:31:02.921 [info] > git for-each-ref --format=%(refname)%00%(upstream:short)%00%(objectname)%00%(upstream:track)%00%(upstream:remotename)%00%(upstream:remoteref) refs/heads/master refs/remotes/master [3ms]
2023-08-17 03:31:02.940 [info] > git status -z -uall [17ms]
2023-08-17 03:31:07.952 [info] > git config --get commit.template [5ms]
2023-08-17 03:31:07.954 [info] > git for-each-ref --format=%(refname)%00%(upstream:short)%00%(objectname)%00%(upstream:track)%00%(upstream:remotename)%00%(upstream:remoteref) refs/heads/master refs/remotes/master [3ms]
2023-08-17 03:31:07.973 [info] > git status -z -uall [16ms]
2023-08-17 03:31:12.988 [info] > git config --get commit.template [5ms]
2023-08-17 03:31:12.990 [info] > git for-each-ref --format=%(refname)%00%(upstream:short)%00%(objectname)%00%(upstream:track)%00%(upstream:remotename)%00%(upstream:remoteref) refs/heads/master refs/remotes/master [3ms]
2023-08-17 03:31:13.010 [info] > git status -z -uall [17ms]
2023-08-17 03:31:18.027 [info] > git config --get commit.template [5ms]
2023-08-17 03:31:18.029 [info] > git for-each-ref --format=%(refname)%00%(upstream:short)%00%(objectname)%00%(upstream:track)%00%(upstream:remotename)%00%(upstream:remoteref) refs/heads/master refs/remotes/master [3ms]
2023-08-17 03:31:18.049 [info] > git status -z -uall [17ms]
2023-08-17 03:31:23.063 [info] > git config --get commit.template [6ms]
2023-08-17 03:31:23.065 [info] > git for-each-ref --format=%(refname)%00%(upstream:short)%00%(objectname)%00%(upstream:track)%00%(upstream:remotename)%00%(upstream:remoteref) refs/heads/master refs/remotes/master [3ms]
2023-08-17 03:31:23.085 [info] > git status -z -uall [17ms]
2023-08-17 03:31:24.837 [info] > git config --get commit.template [5ms]
2023-08-17 03:31:24.840 [info] > git for-each-ref --format=%(refname)%00%(upstream:short)%00%(objectname)%00%(upstream:track)%00%(upstream:remotename)%00%(upstream:remoteref) refs/heads/main refs/remotes/main [3ms]
2023-08-17 03:31:24.848 [info] > git status -z -uall [3ms]
2023-08-17 03:31:28.097 [info] > git config --get commit.template [5ms]
2023-08-17 03:31:28.099 [info] > git for-each-ref --format=%(refname)%00%(upstream:short)%00%(objectname)%00%(upstream:track)%00%(upstream:remotename)%00%(upstream:remoteref) refs/heads/master refs/remotes/master [3ms]
2023-08-17 03:31:28.118 [info] > git status -z -uall [17ms]
2023-08-17 03:31:33.132 [info] > git config --get commit.template [5ms]
2023-08-17 03:31:33.134 [info] > git for-each-ref --format=%(refname)%00%(upstream:short)%00%(objectname)%00%(upstream:track)%00%(upstream:remotename)%00%(upstream:remoteref) refs/heads/master refs/remotes/master [3ms]
2023-08-17 03:31:33.153 [info] > git status -z -uall [16ms]
2023-08-17 03:31:38.168 [info] > git config --get commit.template [5ms]
2023-08-17 03:31:38.170 [info] > git for-each-ref --format=%(refname)%00%(upstream:short)%00%(objectname)%00%(upstream:track)%00%(upstream:remotename)%00%(upstream:remoteref) refs/heads/master refs/remotes/master [3ms]
2023-08-17 03:31:38.190 [info] > git status -z -uall [17ms]
2023-08-17 03:31:42.781 [info] > git show --textconv :static-assignments/common-del.yml [5ms]
2023-08-17 03:31:42.784 [info] > git ls-files --stage -- /home/ubuntu/ansible-config-mgt/static-assignments/common-del.yml [4ms]
2023-08-17 03:31:42.943 [info] > git check-ignore -v -z --stdin [4ms]
2023-08-17 03:31:43.216 [info] > git config --get commit.template [4ms]
2023-08-17 03:31:43.217 [info] > git for-each-ref --format=%(refname)%00%(upstream:short)%00%(objectname)%00%(upstream:track)%00%(upstream:remotename)%00%(upstream:remoteref) refs/heads/master refs/remotes/master [2ms]
2023-08-17 03:31:43.237 [info] > git status -z -uall [17ms]
2023-08-17 03:31:43.448 [info] > git config --get commit.template [4ms]
2023-08-17 03:31:43.450 [info] > git for-each-ref --format=%(refname)%00%(upstream:short)%00%(objectname)%00%(upstream:track)%00%(upstream:remotename)%00%(upstream:remoteref) refs/heads/main refs/remotes/main [2ms]
2023-08-17 03:31:43.455 [info] > git status -z -uall [3ms]
2023-08-17 03:31:54.616 [info] > git config --get commit.template [12ms]
2023-08-17 03:31:54.620 [info] > git for-each-ref --format=%(refname)%00%(upstream:short)%00%(objectname)%00%(upstream:track)%00%(upstream:remotename)%00%(upstream:remoteref) refs/heads/master refs/remotes/master [5ms]
2023-08-17 03:31:54.682 [info] > git status -z -uall [58ms]
2023-08-17 03:31:54.865 [info] > git fetch [276ms]
2023-08-17 03:31:54.882 [info] > git fetch [288ms]
2023-08-17 03:31:54.883 [info] > git config --get commit.template [8ms]
2023-08-17 03:31:54.887 [info] > git for-each-ref --format=%(refname)%00%(upstream:short)%00%(objectname)%00%(upstream:track)%00%(upstream:remotename)%00%(upstream:remoteref) refs/heads/master refs/remotes/master [6ms]
2023-08-17 03:31:54.892 [info] > git config --get commit.template [4ms]
2023-08-17 03:31:54.902 [info] > git for-each-ref --format=%(refname)%00%(upstream:short)%00%(objectname)%00%(upstream:track)%00%(upstream:remotename)%00%(upstream:remoteref) refs/heads/main refs/remotes/main [7ms]
2023-08-17 03:31:54.919 [info] > git status -z -uall [12ms]
2023-08-17 03:31:54.923 [info] > git status -z -uall [32ms]
2023-08-17 03:31:56.087 [info] > git config --get commit.template [5ms]
2023-08-17 03:31:56.089 [info] > git for-each-ref --format=%(refname)%00%(upstream:short)%00%(objectname)%00%(upstream:track)%00%(upstream:remotename)%00%(upstream:remoteref) refs/heads/main refs/remotes/main [2ms]
2023-08-17 03:31:56.095 [info] > git status -z -uall [3ms]
2023-08-17 03:31:56.223 [info] > git ls-files --stage -- /home/ubuntu/ansible-config-mgt/dynamic-assignments/env-vars.yml [5ms]
2023-08-17 03:31:56.227 [info] > git ls-files --stage -- /home/ubuntu/ansible-config-mgt/static-assignments/common.yml [16ms]
2023-08-17 03:31:56.231 [info] > git cat-file -s 8b3bc42e75d670b8e47559647754f971a561cb91 [4ms]
2023-08-17 03:31:56.232 [info] > git ls-files --stage -- /home/ubuntu/ansible-config-mgt/static-assignments/common-del.yml [13ms]
2023-08-17 03:31:56.235 [info] > git cat-file -s 4e4651f4ba93f4b7ffdc2578c6a7cc1fc75f1032 [4ms]
2023-08-17 03:31:56.269 [info] > git show --textconv :dynamic-assignments/env-vars.yml [4ms]
2023-08-17 03:31:56.274 [info] > git show --textconv :static-assignments/common-del.yml [6ms]
2023-08-17 03:31:56.277 [info] > git show --textconv :static-assignments/common.yml [4ms]
2023-08-17 03:31:59.698 [info] > git config --get commit.template [5ms]
2023-08-17 03:31:59.699 [info] > git for-each-ref --format=%(refname)%00%(upstream:short)%00%(objectname)%00%(upstream:track)%00%(upstream:remotename)%00%(upstream:remoteref) refs/heads/master refs/remotes/master [2ms]
2023-08-17 03:31:59.719 [info] > git status -z -uall [17ms]
2023-08-17 03:32:04.731 [info] > git config --get commit.template [5ms]
2023-08-17 03:32:04.733 [info] > git for-each-ref --format=%(refname)%00%(upstream:short)%00%(objectname)%00%(upstream:track)%00%(upstream:remotename)%00%(upstream:remoteref) refs/heads/master refs/remotes/master [3ms]
2023-08-17 03:32:04.753 [info] > git status -z -uall [17ms]
2023-08-17 03:32:06.146 [info] > git config --get commit.template [5ms]
2023-08-17 03:32:06.148 [info] > git for-each-ref --format=%(refname)%00%(upstream:short)%00%(objectname)%00%(upstream:track)%00%(upstream:remotename)%00%(upstream:remoteref) refs/heads/main refs/remotes/main [2ms]
2023-08-17 03:32:06.154 [info] > git status -z -uall [3ms]
2023-08-17 03:32:09.774 [info] > git config --get commit.template [7ms]
2023-08-17 03:32:09.776 [info] > git for-each-ref --format=%(refname)%00%(upstream:short)%00%(objectname)%00%(upstream:track)%00%(upstream:remotename)%00%(upstream:remoteref) refs/heads/master refs/remotes/master [3ms]
2023-08-17 03:32:09.796 [info] > git status -z -uall [18ms]
2023-08-17 03:32:14.604 [info] > git check-ignore -v -z --stdin [3ms]
2023-08-17 03:32:14.808 [info] > git config --get commit.template [5ms]
2023-08-17 03:32:14.810 [info] > git for-each-ref --format=%(refname)%00%(upstream:short)%00%(objectname)%00%(upstream:track)%00%(upstream:remotename)%00%(upstream:remoteref) refs/heads/master refs/remotes/master [3ms]
2023-08-17 03:32:14.829 [info] > git status -z -uall [16ms]
2023-08-17 03:32:19.843 [info] > git config --get commit.template [4ms]
2023-08-17 03:32:19.844 [info] > git for-each-ref --format=%(refname)%00%(upstream:short)%00%(objectname)%00%(upstream:track)%00%(upstream:remotename)%00%(upstream:remoteref) refs/heads/master refs/remotes/master [2ms]
2023-08-17 03:32:19.864 [info] > git status -z -uall [17ms]
2023-08-17 03:32:37.383 [info] > git config --get commit.template [5ms]
2023-08-17 03:32:37.385 [info] > git for-each-ref --format=%(refname)%00%(upstream:short)%00%(objectname)%00%(upstream:track)%00%(upstream:remotename)%00%(upstream:remoteref) refs/heads/master refs/remotes/master [3ms]
2023-08-17 03:32:37.407 [info] > git status -z -uall [18ms]
2023-08-17 03:32:37.839 [info] > git show --textconv :env-vars/uat.yml [6ms]
2023-08-17 03:32:37.842 [info] > git ls-files --stage -- /home/ubuntu/ansible-config-mgt/env-vars/uat.yml [3ms]
2023-08-17 03:32:37.846 [info] > git cat-file -s f465f9085c512b6f79584c84cb4afb40994149b0 [2ms]
2023-08-17 03:32:42.420 [info] > git config --get commit.template [6ms]
2023-08-17 03:32:42.422 [info] > git for-each-ref --format=%(refname)%00%(upstream:short)%00%(objectname)%00%(upstream:track)%00%(upstream:remotename)%00%(upstream:remoteref) refs/heads/master refs/remotes/master [3ms]
2023-08-17 03:32:42.443 [info] > git status -z -uall [18ms]
2023-08-17 03:32:47.456 [info] > git config --get commit.template [5ms]
2023-08-17 03:32:47.458 [info] > git for-each-ref --format=%(refname)%00%(upstream:short)%00%(objectname)%00%(upstream:track)%00%(upstream:remotename)%00%(upstream:remoteref) refs/heads/master refs/remotes/master [3ms]
2023-08-17 03:32:47.477 [info] > git status -z -uall [17ms]
2023-08-17 03:33:03.498 [info] > git config --get commit.template [5ms]
2023-08-17 03:33:03.501 [info] > git for-each-ref --format=%(refname)%00%(upstream:short)%00%(objectname)%00%(upstream:track)%00%(upstream:remotename)%00%(upstream:remoteref) refs/heads/master refs/remotes/master [4ms]
2023-08-17 03:33:03.521 [info] > git status -z -uall [17ms]
2023-08-17 03:33:05.564 [info] > git check-ignore -v -z --stdin [3ms]
2023-08-17 03:33:12.993 [info] > git config --get commit.template [5ms]
2023-08-17 03:33:12.995 [info] > git for-each-ref --format=%(refname)%00%(upstream:short)%00%(objectname)%00%(upstream:track)%00%(upstream:remotename)%00%(upstream:remoteref) refs/heads/master refs/remotes/master [3ms]
2023-08-17 03:33:13.016 [info] > git status -z -uall [18ms]
2023-08-17 03:33:13.429 [info] > git show --textconv :inventory/dev.yml [6ms]
2023-08-17 03:33:13.432 [info] > git ls-files --stage -- /home/ubuntu/ansible-config-mgt/inventory/dev.yml [3ms]
2023-08-17 03:33:13.436 [info] > git cat-file -s bcf8aad484ed63461f5fcce10dbe891154d7e47f [2ms]
2023-08-17 03:33:18.030 [info] > git config --get commit.template [4ms]
2023-08-17 03:33:18.032 [info] > git for-each-ref --format=%(refname)%00%(upstream:short)%00%(objectname)%00%(upstream:track)%00%(upstream:remotename)%00%(upstream:remoteref) refs/heads/master refs/remotes/master [3ms]
2023-08-17 03:33:18.052 [info] > git status -z -uall [17ms]
2023-08-17 03:33:23.066 [info] > git config --get commit.template [5ms]
2023-08-17 03:33:23.068 [info] > git for-each-ref --format=%(refname)%00%(upstream:short)%00%(objectname)%00%(upstream:track)%00%(upstream:remotename)%00%(upstream:remoteref) refs/heads/master refs/remotes/master [2ms]
2023-08-17 03:33:23.087 [info] > git status -z -uall [16ms]
2023-08-17 03:33:28.099 [info] > git config --get commit.template [5ms]
2023-08-17 03:33:28.102 [info] > git for-each-ref --format=%(refname)%00%(upstream:short)%00%(objectname)%00%(upstream:track)%00%(upstream:remotename)%00%(upstream:remoteref) refs/heads/master refs/remotes/master [2ms]
2023-08-17 03:33:28.121 [info] > git status -z -uall [17ms]
2023-08-17 03:33:33.134 [info] > git config --get commit.template [5ms]
2023-08-17 03:33:33.136 [info] > git for-each-ref --format=%(refname)%00%(upstream:short)%00%(objectname)%00%(upstream:track)%00%(upstream:remotename)%00%(upstream:remoteref) refs/heads/master refs/remotes/master [3ms]
2023-08-17 03:33:33.156 [info] > git status -z -uall [17ms]
2023-08-17 03:33:58.265 [info] > git config --get commit.template [5ms]
2023-08-17 03:33:58.267 [info] > git for-each-ref --format=%(refname)%00%(upstream:short)%00%(objectname)%00%(upstream:track)%00%(upstream:remotename)%00%(upstream:remoteref) refs/heads/master refs/remotes/master [2ms]
2023-08-17 03:33:58.287 [info] > git status -z -uall [17ms]
2023-08-17 03:33:58.655 [info] > git show --textconv :inventory/staging.yml [5ms]
2023-08-17 03:33:58.658 [info] > git ls-files --stage -- /home/ubuntu/ansible-config-mgt/inventory/staging.yml [3ms]
2023-08-17 03:33:58.662 [info] > git cat-file -s e69de29bb2d1d6434b8b29ae775ad8c2e48c5391 [1ms]
2023-08-17 03:34:03.303 [info] > git config --get commit.template [5ms]
2023-08-17 03:34:03.305 [info] > git for-each-ref --format=%(refname)%00%(upstream:short)%00%(objectname)%00%(upstream:track)%00%(upstream:remotename)%00%(upstream:remoteref) refs/heads/master refs/remotes/master [3ms]
2023-08-17 03:34:03.327 [info] > git status -z -uall [19ms]
2023-08-17 03:34:10.573 [info] > git config --get commit.template [5ms]
2023-08-17 03:34:10.575 [info] > git for-each-ref --format=%(refname)%00%(upstream:short)%00%(objectname)%00%(upstream:track)%00%(upstream:remotename)%00%(upstream:remoteref) refs/heads/master refs/remotes/master [3ms]
2023-08-17 03:34:10.596 [info] > git status -z -uall [18ms]
2023-08-17 03:34:11.040 [info] > git show --textconv :inventory/uat.yml [6ms]
2023-08-17 03:34:11.043 [info] > git ls-files --stage -- /home/ubuntu/ansible-config-mgt/inventory/uat.yml [4ms]
2023-08-17 03:34:11.047 [info] > git cat-file -s c8d737295d1185e0a47d2c009596facd23e2be74 [2ms]
2023-08-17 03:34:15.608 [info] > git config --get commit.template [5ms]
2023-08-17 03:34:15.610 [info] > git for-each-ref --format=%(refname)%00%(upstream:short)%00%(objectname)%00%(upstream:track)%00%(upstream:remotename)%00%(upstream:remoteref) refs/heads/master refs/remotes/master [2ms]
2023-08-17 03:34:15.630 [info] > git status -z -uall [17ms]
2023-08-17 03:34:20.643 [info] > git config --get commit.template [5ms]
2023-08-17 03:34:20.645 [info] > git for-each-ref --format=%(refname)%00%(upstream:short)%00%(objectname)%00%(upstream:track)%00%(upstream:remotename)%00%(upstream:remoteref) refs/heads/master refs/remotes/master [3ms]
2023-08-17 03:34:20.665 [info] > git status -z -uall [17ms]
2023-08-17 03:34:28.268 [info] > git config --get commit.template [4ms]
2023-08-17 03:34:28.270 [info] > git for-each-ref --format=%(refname)%00%(upstream:short)%00%(objectname)%00%(upstream:track)%00%(upstream:remotename)%00%(upstream:remoteref) refs/heads/master refs/remotes/master [2ms]
2023-08-17 03:34:28.294 [info] > git status -z -uall [22ms]
2023-08-17 03:34:33.308 [info] > git config --get commit.template [5ms]
2023-08-17 03:34:33.309 [info] > git for-each-ref --format=%(refname)%00%(upstream:short)%00%(objectname)%00%(upstream:track)%00%(upstream:remotename)%00%(upstream:remoteref) refs/heads/master refs/remotes/master [2ms]
2023-08-17 03:34:33.330 [info] > git status -z -uall [17ms]
2023-08-17 03:34:38.346 [info] > git config --get commit.template [5ms]
2023-08-17 03:34:38.350 [info] > git for-each-ref --format=%(refname)%00%(upstream:short)%00%(objectname)%00%(upstream:track)%00%(upstream:remotename)%00%(upstream:remoteref) refs/heads/master refs/remotes/master [5ms]
2023-08-17 03:34:38.374 [info] > git status -z -uall [20ms]
2023-08-17 03:34:39.568 [info] > git config --get commit.template [5ms]
2023-08-17 03:34:39.570 [info] > git for-each-ref --format=%(refname)%00%(upstream:short)%00%(objectname)%00%(upstream:track)%00%(upstream:remotename)%00%(upstream:remoteref) refs/heads/main refs/remotes/main [3ms]
2023-08-17 03:34:39.584 [info] > git status -z -uall [3ms]
2023-08-17 03:34:43.386 [info] > git config --get commit.template [5ms]
2023-08-17 03:34:43.388 [info] > git for-each-ref --format=%(refname)%00%(upstream:short)%00%(objectname)%00%(upstream:track)%00%(upstream:remotename)%00%(upstream:remoteref) refs/heads/master refs/remotes/master [2ms]
2023-08-17 03:34:43.409 [info] > git status -z -uall [18ms]
2023-08-17 03:34:48.424 [info] > git config --get commit.template [7ms]
2023-08-17 03:34:48.426 [info] > git for-each-ref --format=%(refname)%00%(upstream:short)%00%(objectname)%00%(upstream:track)%00%(upstream:remotename)%00%(upstream:remoteref) refs/heads/master refs/remotes/master [2ms]
2023-08-17 03:34:48.447 [info] > git status -z -uall [18ms]
2023-08-17 03:34:53.459 [info] > git config --get commit.template [5ms]
2023-08-17 03:34:53.462 [info] > git for-each-ref --format=%(refname)%00%(upstream:short)%00%(objectname)%00%(upstream:track)%00%(upstream:remotename)%00%(upstream:remoteref) refs/heads/master refs/remotes/master [4ms]
2023-08-17 03:34:53.482 [info] > git status -z -uall [17ms]
2023-08-17 03:34:55.164 [info] > git fetch [238ms]
2023-08-17 03:34:55.171 [info] > git fetch [240ms]
2023-08-17 03:34:55.179 [info] > git config --get commit.template [9ms]
2023-08-17 03:34:55.180 [info] > git config --get commit.template [5ms]
2023-08-17 03:34:55.184 [info] > git for-each-ref --format=%(refname)%00%(upstream:short)%00%(objectname)%00%(upstream:track)%00%(upstream:remotename)%00%(upstream:remoteref) refs/heads/main refs/remotes/main [6ms]
2023-08-17 03:34:55.189 [info] > git for-each-ref --format=%(refname)%00%(upstream:short)%00%(objectname)%00%(upstream:track)%00%(upstream:remotename)%00%(upstream:remoteref) refs/heads/master refs/remotes/master [6ms]
2023-08-17 03:34:55.194 [info] > git status -z -uall [6ms]
2023-08-17 03:34:55.214 [info] > git status -z -uall [20ms]
2023-08-17 03:34:56.381 [info] > git config --get commit.template [5ms]
2023-08-17 03:34:56.383 [info] > git for-each-ref --format=%(refname)%00%(upstream:short)%00%(objectname)%00%(upstream:track)%00%(upstream:remotename)%00%(upstream:remoteref) refs/heads/main refs/remotes/main [2ms]
2023-08-17 03:34:56.389 [info] > git status -z -uall [3ms]
2023-08-17 03:34:56.544 [info] > git ls-files --stage -- /home/ubuntu/ansible-config-mgt/static-assignments/common-del.yml [4ms]
2023-08-17 03:34:56.544 [info] > git ls-files --stage -- /home/ubuntu/ansible-config-mgt/static-assignments/common.yml [10ms]
2023-08-17 03:34:56.549 [info] > git ls-files --stage -- /home/ubuntu/ansible-config-mgt/inventory/uat.yml [6ms]
2023-08-17 03:34:56.553 [info] > git cat-file -s 4e4651f4ba93f4b7ffdc2578c6a7cc1fc75f1032 [5ms]
2023-08-17 03:34:56.558 [info] > git cat-file -s c8d737295d1185e0a47d2c009596facd23e2be74 [5ms]
2023-08-17 03:34:56.596 [info] > git show --textconv :static-assignments/common-del.yml [6ms]
2023-08-17 03:34:56.602 [info] > git show --textconv :static-assignments/common.yml [7ms]
2023-08-17 03:34:56.605 [info] > git show --textconv :inventory/uat.yml [4ms]
2023-08-17 03:34:58.494 [info] > git config --get commit.template [5ms]
2023-08-17 03:34:58.496 [info] > git for-each-ref --format=%(refname)%00%(upstream:short)%00%(objectname)%00%(upstream:track)%00%(upstream:remotename)%00%(upstream:remoteref) refs/heads/master refs/remotes/master [3ms]
2023-08-17 03:34:58.516 [info] > git status -z -uall [17ms]
2023-08-17 03:35:03.531 [info] > git config --get commit.template [5ms]
2023-08-17 03:35:03.533 [info] > git for-each-ref --format=%(refname)%00%(upstream:short)%00%(objectname)%00%(upstream:track)%00%(upstream:remotename)%00%(upstream:remoteref) refs/heads/master refs/remotes/master [3ms]
2023-08-17 03:35:03.555 [info] > git status -z -uall [19ms]
2023-08-17 03:35:08.567 [info] > git config --get commit.template [5ms]
2023-08-17 03:35:08.569 [info] > git for-each-ref --format=%(refname)%00%(upstream:short)%00%(objectname)%00%(upstream:track)%00%(upstream:remotename)%00%(upstream:remoteref) refs/heads/master refs/remotes/master [2ms]
2023-08-17 03:35:08.591 [info] > git status -z -uall [18ms]
2023-08-17 03:35:13.605 [info] > git config --get commit.template [6ms]
2023-08-17 03:35:13.607 [info] > git for-each-ref --format=%(refname)%00%(upstream:short)%00%(objectname)%00%(upstream:track)%00%(upstream:remotename)%00%(upstream:remoteref) refs/heads/master refs/remotes/master [3ms]
2023-08-17 03:35:13.628 [info] > git status -z -uall [18ms]
2023-08-17 03:35:18.642 [info] > git config --get commit.template [5ms]
2023-08-17 03:35:18.644 [info] > git for-each-ref --format=%(refname)%00%(upstream:short)%00%(objectname)%00%(upstream:track)%00%(upstream:remotename)%00%(upstream:remoteref) refs/heads/master refs/remotes/master [3ms]
2023-08-17 03:35:18.665 [info] > git status -z -uall [18ms]
2023-08-17 03:35:23.682 [info] > git config --get commit.template [5ms]
2023-08-17 03:35:23.684 [info] > git for-each-ref --format=%(refname)%00%(upstream:short)%00%(objectname)%00%(upstream:track)%00%(upstream:remotename)%00%(upstream:remoteref) refs/heads/master refs/remotes/master [2ms]
2023-08-17 03:35:23.704 [info] > git status -z -uall [17ms]
2023-08-17 03:35:28.721 [info] > git config --get commit.template [5ms]
2023-08-17 03:35:28.723 [info] > git for-each-ref --format=%(refname)%00%(upstream:short)%00%(objectname)%00%(upstream:track)%00%(upstream:remotename)%00%(upstream:remoteref) refs/heads/master refs/remotes/master [2ms]
2023-08-17 03:35:28.743 [info] > git status -z -uall [16ms]
2023-08-17 03:35:33.756 [info] > git config --get commit.template [5ms]
2023-08-17 03:35:33.758 [info] > git for-each-ref --format=%(refname)%00%(upstream:short)%00%(objectname)%00%(upstream:track)%00%(upstream:remotename)%00%(upstream:remoteref) refs/heads/master refs/remotes/master [2ms]
2023-08-17 03:35:33.781 [info] > git status -z -uall [19ms]
2023-08-17 03:35:38.794 [info] > git config --get commit.template [5ms]
2023-08-17 03:35:38.796 [info] > git for-each-ref --format=%(refname)%00%(upstream:short)%00%(objectname)%00%(upstream:track)%00%(upstream:remotename)%00%(upstream:remoteref) refs/heads/master refs/remotes/master [3ms]
2023-08-17 03:35:38.816 [info] > git status -z -uall [17ms]
2023-08-17 03:35:43.829 [info] > git config --get commit.template [4ms]
2023-08-17 03:35:43.831 [info] > git for-each-ref --format=%(refname)%00%(upstream:short)%00%(objectname)%00%(upstream:track)%00%(upstream:remotename)%00%(upstream:remoteref) refs/heads/master refs/remotes/master [3ms]
2023-08-17 03:35:43.851 [info] > git status -z -uall [17ms]
2023-08-17 03:35:48.864 [info] > git config --get commit.template [5ms]
2023-08-17 03:35:48.867 [info] > git for-each-ref --format=%(refname)%00%(upstream:short)%00%(objectname)%00%(upstream:track)%00%(upstream:remotename)%00%(upstream:remoteref) refs/heads/master refs/remotes/master [2ms]
2023-08-17 03:35:48.887 [info] > git status -z -uall [18ms]
2023-08-17 03:35:53.907 [info] > git config --get commit.template [6ms]
2023-08-17 03:35:53.909 [info] > git for-each-ref --format=%(refname)%00%(upstream:short)%00%(objectname)%00%(upstream:track)%00%(upstream:remotename)%00%(upstream:remoteref) refs/heads/master refs/remotes/master [4ms]
2023-08-17 03:35:53.930 [info] > git status -z -uall [18ms]
2023-08-17 03:35:58.942 [info] > git config --get commit.template [5ms]
2023-08-17 03:35:58.944 [info] > git for-each-ref --format=%(refname)%00%(upstream:short)%00%(objectname)%00%(upstream:track)%00%(upstream:remotename)%00%(upstream:remoteref) refs/heads/master refs/remotes/master [2ms]
2023-08-17 03:35:58.964 [info] > git status -z -uall [17ms]
2023-08-17 03:36:03.976 [info] > git config --get commit.template [5ms]
2023-08-17 03:36:03.978 [info] > git for-each-ref --format=%(refname)%00%(upstream:short)%00%(objectname)%00%(upstream:track)%00%(upstream:remotename)%00%(upstream:remoteref) refs/heads/master refs/remotes/master [3ms]
2023-08-17 03:36:03.998 [info] > git status -z -uall [17ms]
2023-08-17 03:36:09.010 [info] > git config --get commit.template [5ms]
2023-08-17 03:36:09.012 [info] > git for-each-ref --format=%(refname)%00%(upstream:short)%00%(objectname)%00%(upstream:track)%00%(upstream:remotename)%00%(upstream:remoteref) refs/heads/master refs/remotes/master [3ms]
2023-08-17 03:36:09.033 [info] > git status -z -uall [18ms]
2023-08-17 03:36:14.045 [info] > git config --get commit.template [5ms]
2023-08-17 03:36:14.048 [info] > git for-each-ref --format=%(refname)%00%(upstream:short)%00%(objectname)%00%(upstream:track)%00%(upstream:remotename)%00%(upstream:remoteref) refs/heads/master refs/remotes/master [3ms]
2023-08-17 03:36:14.068 [info] > git status -z -uall [18ms]
2023-08-17 03:36:19.000 [info] > git config --get commit.template [5ms]
2023-08-17 03:36:19.002 [info] > git for-each-ref --format=%(refname)%00%(upstream:short)%00%(objectname)%00%(upstream:track)%00%(upstream:remotename)%00%(upstream:remoteref) refs/heads/main refs/remotes/main [2ms]
2023-08-17 03:36:19.008 [info] > git status -z -uall [3ms]
2023-08-17 03:36:19.080 [info] > git config --get commit.template [5ms]
2023-08-17 03:36:19.082 [info] > git for-each-ref --format=%(refname)%00%(upstream:short)%00%(objectname)%00%(upstream:track)%00%(upstream:remotename)%00%(upstream:remoteref) refs/heads/master refs/remotes/master [2ms]
2023-08-17 03:36:19.102 [info] > git status -z -uall [17ms]
2023-08-17 03:36:24.115 [info] > git config --get commit.template [4ms]
2023-08-17 03:36:24.117 [info] > git for-each-ref --format=%(refname)%00%(upstream:short)%00%(objectname)%00%(upstream:track)%00%(upstream:remotename)%00%(upstream:remoteref) refs/heads/master refs/remotes/master [2ms]
2023-08-17 03:36:24.138 [info] > git status -z -uall [17ms]
2023-08-17 03:36:29.151 [info] > git config --get commit.template [6ms]
2023-08-17 03:36:29.153 [info] > git for-each-ref --format=%(refname)%00%(upstream:short)%00%(objectname)%00%(upstream:track)%00%(upstream:remotename)%00%(upstream:remoteref) refs/heads/master refs/remotes/master [3ms]
2023-08-17 03:36:29.173 [info] > git status -z -uall [16ms]
2023-08-17 03:36:39.280 [info] > git config --get commit.template [5ms]
2023-08-17 03:36:39.282 [info] > git for-each-ref --format=%(refname)%00%(upstream:short)%00%(objectname)%00%(upstream:track)%00%(upstream:remotename)%00%(upstream:remoteref) refs/heads/master refs/remotes/master [2ms]
2023-08-17 03:36:39.303 [info] > git status -z -uall [18ms]
2023-08-17 03:36:40.567 [info] > git show --textconv :playbooks/site.yml [5ms]
2023-08-17 03:36:40.570 [info] > git ls-files --stage -- /home/ubuntu/ansible-config-mgt/playbooks/site.yml [3ms]
2023-08-17 03:36:40.574 [info] > git cat-file -s 64e3ca32dd505ffb1c43478b24b2ab9f3a436a05 [2ms]
2023-08-17 03:36:44.315 [info] > git config --get commit.template [6ms]
2023-08-17 03:36:44.317 [info] > git for-each-ref --format=%(refname)%00%(upstream:short)%00%(objectname)%00%(upstream:track)%00%(upstream:remotename)%00%(upstream:remoteref) refs/heads/master refs/remotes/master [3ms]
2023-08-17 03:36:44.337 [info] > git status -z -uall [17ms]
2023-08-17 03:36:49.349 [info] > git config --get commit.template [5ms]
2023-08-17 03:36:49.351 [info] > git for-each-ref --format=%(refname)%00%(upstream:short)%00%(objectname)%00%(upstream:track)%00%(upstream:remotename)%00%(upstream:remoteref) refs/heads/master refs/remotes/master [3ms]
2023-08-17 03:36:49.372 [info] > git status -z -uall [17ms]
2023-08-17 03:37:14.939 [info] > git config --get commit.template [5ms]
2023-08-17 03:37:14.941 [info] > git for-each-ref --format=%(refname)%00%(upstream:short)%00%(objectname)%00%(upstream:track)%00%(upstream:remotename)%00%(upstream:remoteref) refs/heads/master refs/remotes/master [3ms]
2023-08-17 03:37:14.962 [info] > git status -z -uall [18ms]
2023-08-17 03:37:19.974 [info] > git config --get commit.template [5ms]
2023-08-17 03:37:19.976 [info] > git for-each-ref --format=%(refname)%00%(upstream:short)%00%(objectname)%00%(upstream:track)%00%(upstream:remotename)%00%(upstream:remoteref) refs/heads/master refs/remotes/master [2ms]
2023-08-17 03:37:19.998 [info] > git status -z -uall [17ms]
2023-08-17 03:38:09.145 [info] > git config --get commit.template [5ms]
2023-08-17 03:38:09.156 [info] > git for-each-ref --format=%(refname)%00%(upstream:short)%00%(objectname)%00%(upstream:track)%00%(upstream:remotename)%00%(upstream:remoteref) refs/heads/master refs/remotes/master [12ms]
2023-08-17 03:38:09.218 [info] > git status -z -uall [58ms]
2023-08-17 03:38:09.374 [info] > git fetch [248ms]
2023-08-17 03:38:09.384 [info] > git config --get commit.template [4ms]
2023-08-17 03:38:09.387 [info] > git for-each-ref --format=%(refname)%00%(upstream:short)%00%(objectname)%00%(upstream:track)%00%(upstream:remotename)%00%(upstream:remoteref) refs/heads/main refs/remotes/main [4ms]
2023-08-17 03:38:09.399 [info] > git fetch [268ms]
2023-08-17 03:38:09.405 [info] > git status -z -uall [10ms]
2023-08-17 03:38:09.412 [info] > git config --get commit.template [8ms]
2023-08-17 03:38:09.414 [info] > git for-each-ref --format=%(refname)%00%(upstream:short)%00%(objectname)%00%(upstream:track)%00%(upstream:remotename)%00%(upstream:remoteref) refs/heads/master refs/remotes/master [2ms]
2023-08-17 03:38:09.434 [info] > git status -z -uall [17ms]
2023-08-17 03:38:10.221 [info] > git check-ignore -v -z --stdin [3ms]
2023-08-17 03:38:10.772 [info] > git config --get commit.template [5ms]
2023-08-17 03:38:10.774 [info] > git for-each-ref --format=%(refname)%00%(upstream:short)%00%(objectname)%00%(upstream:track)%00%(upstream:remotename)%00%(upstream:remoteref) refs/heads/main refs/remotes/main [3ms]
2023-08-17 03:38:10.780 [info] > git status -z -uall [3ms]
2023-08-17 03:38:10.927 [info] > git ls-files --stage -- /home/ubuntu/ansible-config-mgt/inventory/uat.yml [4ms]
2023-08-17 03:38:10.931 [info] > git ls-files --stage -- /home/ubuntu/ansible-config-mgt/static-assignments/common-del.yml [12ms]
2023-08-17 03:38:10.932 [info] > git ls-files --stage -- /home/ubuntu/ansible-config-mgt/static-assignments/common.yml [17ms]
2023-08-17 03:38:10.936 [info] > git cat-file -s c8d737295d1185e0a47d2c009596facd23e2be74 [5ms]
2023-08-17 03:38:10.937 [info] > git ls-files --stage -- /home/ubuntu/ansible-config-mgt/playbooks/site.yml [10ms]
2023-08-17 03:38:10.941 [info] > git cat-file -s 4e4651f4ba93f4b7ffdc2578c6a7cc1fc75f1032 [5ms]
2023-08-17 03:38:10.945 [info] > git cat-file -s 64e3ca32dd505ffb1c43478b24b2ab9f3a436a05 [4ms]
2023-08-17 03:38:10.981 [info] > git show --textconv :static-assignments/common-del.yml [6ms]
2023-08-17 03:38:10.987 [info] > git show --textconv :inventory/uat.yml [6ms]
2023-08-17 03:38:10.992 [info] > git show --textconv :static-assignments/common.yml [6ms]
2023-08-17 03:38:10.995 [info] > git show --textconv :playbooks/site.yml [3ms]
2023-08-17 03:38:14.231 [info] > git config --get commit.template [6ms]
2023-08-17 03:38:14.233 [info] > git for-each-ref --format=%(refname)%00%(upstream:short)%00%(objectname)%00%(upstream:track)%00%(upstream:remotename)%00%(upstream:remoteref) refs/heads/master refs/remotes/master [3ms]
2023-08-17 03:38:14.253 [info] > git status -z -uall [17ms]
2023-08-17 03:38:19.265 [info] > git config --get commit.template [4ms]
2023-08-17 03:38:19.267 [info] > git for-each-ref --format=%(refname)%00%(upstream:short)%00%(objectname)%00%(upstream:track)%00%(upstream:remotename)%00%(upstream:remoteref) refs/heads/master refs/remotes/master [3ms]
2023-08-17 03:38:19.286 [info] > git status -z -uall [17ms]
2023-08-17 03:38:21.850 [info] > git add -A -- . [7ms]
2023-08-17 03:38:21.867 [info] > git -c user.useConfigOnly=true commit --quiet --allow-empty-message --file - [13ms]
2023-08-17 03:38:21.872 [info] > git config --get commit.template [2ms]
2023-08-17 03:38:21.881 [info] > git config --get commit.template [5ms]
2023-08-17 03:38:21.883 [info] > git for-each-ref --format=%(refname)%00%(upstream:short)%00%(objectname)%00%(upstream:track)%00%(upstream:remotename)%00%(upstream:remoteref) refs/heads/main refs/remotes/main [3ms]
2023-08-17 03:38:21.889 [info] > git status -z -uall [3ms]
2023-08-17 03:38:22.155 [info] > git config --get commit.template [5ms]
2023-08-17 03:38:22.157 [info] > git for-each-ref --format=%(refname)%00%(upstream:short)%00%(objectname)%00%(upstream:track)%00%(upstream:remotename)%00%(upstream:remoteref) refs/heads/main refs/remotes/main [3ms]
2023-08-17 03:38:22.163 [info] > git status -z -uall [3ms]
2023-08-17 03:38:24.606 [info] > git config --get commit.template [5ms]
2023-08-17 03:38:24.613 [info] > git for-each-ref --format=%(refname)%00%(upstream:short)%00%(objectname)%00%(upstream:track)%00%(upstream:remotename)%00%(upstream:remoteref) refs/heads/master refs/remotes/master [8ms]
2023-08-17 03:38:24.662 [info] > git ls-files --stage -- /home/ubuntu/ansible-config-mgt/inventory/uat.yml [12ms]
2023-08-17 03:38:24.672 [info] > git ls-files --stage -- /home/ubuntu/ansible-config-mgt/static-assignments/common-del.yml [29ms]
2023-08-17 03:38:24.678 [info] > git ls-files --stage -- /home/ubuntu/ansible-config-mgt/static-assignments/common.yml [43ms]
2023-08-17 03:38:24.684 [info] > git status -z -uall [66ms]
2023-08-17 03:38:24.685 [info] > git cat-file -s cd7751a3daa159e2cb0ae73a9cdffbac55f8f024 [6ms]
2023-08-17 03:38:24.685 [info] > git cat-file -s 7647345c6a72aa821f86f74e0ad9c9c5610ff180 [13ms]
