*
* Visual Studio Code Server
*
* By using the software, you agree to
* the Visual Studio Code Server License Terms (https://aka.ms/vscode-server-license) and
* the Microsoft Privacy Statement (https://privacy.microsoft.com/en-US/privacystatement).
*
Server bound to 127.0.0.1:36699 (IPv4)
Extension host agent listening on 36699

[03:24:09] 




[03:24:09] Extension host agent started.
Got delay-shutdown request while in shutdown timeout, delaying
[03:24:10] Got delay-shutdown request while in shutdown timeout, delaying
Cancelling previous shutdown timeout
[03:24:10] Cancelling previous shutdown timeout
[03:24:51] [127.0.0.1][02d695a5][ManagementConnection] Unknown reconnection token (never seen).
[03:24:51] [127.0.0.1][9ec4354b][ExtensionHostConnection] Unknown reconnection token (never seen).
Got delay-shutdown request while in shutdown timeout, delaying
[03:28:05] Got delay-shutdown request while in shutdown timeout, delaying
Cancelling previous shutdown timeout
[03:28:05] Cancelling previous shutdown timeout
[03:28:05] [127.0.0.1][27e61899][ManagementConnection] New connection established.
[03:28:05] [127.0.0.1][f8b7e90d][ExtensionHostConnection] New connection established.
[03:28:05] [127.0.0.1][f8b7e90d][ExtensionHostConnection] <7043> Launched Extension Host Process.
rejected promise not handled within 1 second: CodeExpectedError: Could not find pty on pty host
stack trace: CodeExpectedError: Could not find pty on pty host
    at g.P (/home/ubuntu/.vscode-server/bin/6c3e3dba23e8fadc360aed75ce363ba185c49794/out/vs/platform/terminal/node/ptyHostMain.js:28:7542)
    at g.updateTitle (/home/ubuntu/.vscode-server/bin/6c3e3dba23e8fadc360aed75ce363ba185c49794/out/vs/platform/terminal/node/ptyHostMain.js:28:2693)
    at g.B.<computed> (/home/ubuntu/.vscode-server/bin/6c3e3dba23e8fadc360aed75ce363ba185c49794/out/vs/platform/terminal/node/ptyHostMain.js:27:22689)
    at Object.call (/home/ubuntu/.vscode-server/bin/6c3e3dba23e8fadc360aed75ce363ba185c49794/out/vs/platform/terminal/node/ptyHostMain.js:17:4867)
    at l.s (/home/ubuntu/.vscode-server/bin/6c3e3dba23e8fadc360aed75ce363ba185c49794/out/vs/platform/terminal/node/ptyHostMain.js:15:5150)
    at l.q (/home/ubuntu/.vscode-server/bin/6c3e3dba23e8fadc360aed75ce363ba185c49794/out/vs/platform/terminal/node/ptyHostMain.js:15:4661)
    at i.value (/home/ubuntu/.vscode-server/bin/6c3e3dba23e8fadc360aed75ce363ba185c49794/out/vs/platform/terminal/node/ptyHostMain.js:15:4066)
    at k.w (/home/ubuntu/.vscode-server/bin/6c3e3dba23e8fadc360aed75ce363ba185c49794/out/vs/platform/terminal/node/ptyHostMain.js:10:1902)
    at k.fire (/home/ubuntu/.vscode-server/bin/6c3e3dba23e8fadc360aed75ce363ba185c49794/out/vs/platform/terminal/node/ptyHostMain.js:10:2119)
    at process.X (/home/ubuntu/.vscode-server/bin/6c3e3dba23e8fadc360aed75ce363ba185c49794/out/vs/platform/terminal/node/ptyHostMain.js:8:27134)
    at process.emit (node:events:513:28)
    at emit (node:internal/child_process:939:14)
    at processTicksAndRejections (node:internal/process/task_queues:84:21)
[03:28:11] Error [CodeExpectedError]: Could not find pty on pty host
    at g.P (/home/ubuntu/.vscode-server/bin/6c3e3dba23e8fadc360aed75ce363ba185c49794/out/vs/platform/terminal/node/ptyHostMain.js:28:7542)
    at g.updateTitle (/home/ubuntu/.vscode-server/bin/6c3e3dba23e8fadc360aed75ce363ba185c49794/out/vs/platform/terminal/node/ptyHostMain.js:28:2693)
    at g.B.<computed> (/home/ubuntu/.vscode-server/bin/6c3e3dba23e8fadc360aed75ce363ba185c49794/out/vs/platform/terminal/node/ptyHostMain.js:27:22689)
    at Object.call (/home/ubuntu/.vscode-server/bin/6c3e3dba23e8fadc360aed75ce363ba185c49794/out/vs/platform/terminal/node/ptyHostMain.js:17:4867)
    at l.s (/home/ubuntu/.vscode-server/bin/6c3e3dba23e8fadc360aed75ce363ba185c49794/out/vs/platform/terminal/node/ptyHostMain.js:15:5150)
    at l.q (/home/ubuntu/.vscode-server/bin/6c3e3dba23e8fadc360aed75ce363ba185c49794/out/vs/platform/terminal/node/ptyHostMain.js:15:4661)
    at i.value (/home/ubuntu/.vscode-server/bin/6c3e3dba23e8fadc360aed75ce363ba185c49794/out/vs/platform/terminal/node/ptyHostMain.js:15:4066)
    at k.w (/home/ubuntu/.vscode-server/bin/6c3e3dba23e8fadc360aed75ce363ba185c49794/out/vs/platform/terminal/node/ptyHostMain.js:10:1902)
    at k.fire (/home/ubuntu/.vscode-server/bin/6c3e3dba23e8fadc360aed75ce363ba185c49794/out/vs/platform/terminal/node/ptyHostMain.js:10:2119)
    at process.X (/home/ubuntu/.vscode-server/bin/6c3e3dba23e8fadc360aed75ce363ba185c49794/out/vs/platform/terminal/node/ptyHostMain.js:8:27134)
    at process.emit (node:events:513:28)
    at emit (node:internal/child_process:939:14)
    at processTicksAndRejections (node:internal/process/task_queues:84:21)
[03:28:39] [127.0.0.1][27e61899][ManagementConnection] The client has disconnected gracefully, so the connection will be disposed.
[03:28:39] Error: Throttler is disposed
    at r.queue (/home/ubuntu/.vscode-server/bin/6c3e3dba23e8fadc360aed75ce363ba185c49794/out/vs/server/node/server.main.js:70:13612)
    at /home/ubuntu/.vscode-server/bin/6c3e3dba23e8fadc360aed75ce363ba185c49794/out/vs/server/node/server.main.js:70:15183
    at /home/ubuntu/.vscode-server/bin/6c3e3dba23e8fadc360aed75ce363ba185c49794/out/vs/server/node/server.main.js:70:14822
Got delay-shutdown request while in shutdown timeout, delaying
[03:28:43] Got delay-shutdown request while in shutdown timeout, delaying
Cancelling previous shutdown timeout
[03:28:43] Cancelling previous shutdown timeout
[03:28:43] [127.0.0.1][0e63db64][ManagementConnection] New connection established.
[03:28:43] [127.0.0.1][1f70615f][ExtensionHostConnection] New connection established.
[03:28:43] [127.0.0.1][1f70615f][ExtensionHostConnection] <7258> Launched Extension Host Process.
rejected promise not handled within 1 second: CodeExpectedError: Could not find pty on pty host
stack trace: CodeExpectedError: Could not find pty on pty host
    at g.P (/home/ubuntu/.vscode-server/bin/6c3e3dba23e8fadc360aed75ce363ba185c49794/out/vs/platform/terminal/node/ptyHostMain.js:28:7542)
    at g.updateTitle (/home/ubuntu/.vscode-server/bin/6c3e3dba23e8fadc360aed75ce363ba185c49794/out/vs/platform/terminal/node/ptyHostMain.js:28:2693)
    at g.B.<computed> (/home/ubuntu/.vscode-server/bin/6c3e3dba23e8fadc360aed75ce363ba185c49794/out/vs/platform/terminal/node/ptyHostMain.js:27:22689)
    at Object.call (/home/ubuntu/.vscode-server/bin/6c3e3dba23e8fadc360aed75ce363ba185c49794/out/vs/platform/terminal/node/ptyHostMain.js:17:4867)
    at l.s (/home/ubuntu/.vscode-server/bin/6c3e3dba23e8fadc360aed75ce363ba185c49794/out/vs/platform/terminal/node/ptyHostMain.js:15:5150)
    at l.q (/home/ubuntu/.vscode-server/bin/6c3e3dba23e8fadc360aed75ce363ba185c49794/out/vs/platform/terminal/node/ptyHostMain.js:15:4661)
    at i.value (/home/ubuntu/.vscode-server/bin/6c3e3dba23e8fadc360aed75ce363ba185c49794/out/vs/platform/terminal/node/ptyHostMain.js:15:4066)
    at k.w (/home/ubuntu/.vscode-server/bin/6c3e3dba23e8fadc360aed75ce363ba185c49794/out/vs/platform/terminal/node/ptyHostMain.js:10:1902)
    at k.fire (/home/ubuntu/.vscode-server/bin/6c3e3dba23e8fadc360aed75ce363ba185c49794/out/vs/platform/terminal/node/ptyHostMain.js:10:2119)
    at process.X (/home/ubuntu/.vscode-server/bin/6c3e3dba23e8fadc360aed75ce363ba185c49794/out/vs/platform/terminal/node/ptyHostMain.js:8:27134)
    at process.emit (node:events:513:28)
    at emit (node:internal/child_process:939:14)
    at processTicksAndRejections (node:internal/process/task_queues:84:21)
[03:28:47] Error [CodeExpectedError]: Could not find pty on pty host
    at g.P (/home/ubuntu/.vscode-server/bin/6c3e3dba23e8fadc360aed75ce363ba185c49794/out/vs/platform/terminal/node/ptyHostMain.js:28:7542)
    at g.updateTitle (/home/ubuntu/.vscode-server/bin/6c3e3dba23e8fadc360aed75ce363ba185c49794/out/vs/platform/terminal/node/ptyHostMain.js:28:2693)
    at g.B.<computed> (/home/ubuntu/.vscode-server/bin/6c3e3dba23e8fadc360aed75ce363ba185c49794/out/vs/platform/terminal/node/ptyHostMain.js:27:22689)
    at Object.call (/home/ubuntu/.vscode-server/bin/6c3e3dba23e8fadc360aed75ce363ba185c49794/out/vs/platform/terminal/node/ptyHostMain.js:17:4867)
    at l.s (/home/ubuntu/.vscode-server/bin/6c3e3dba23e8fadc360aed75ce363ba185c49794/out/vs/platform/terminal/node/ptyHostMain.js:15:5150)
    at l.q (/home/ubuntu/.vscode-server/bin/6c3e3dba23e8fadc360aed75ce363ba185c49794/out/vs/platform/terminal/node/ptyHostMain.js:15:4661)
    at i.value (/home/ubuntu/.vscode-server/bin/6c3e3dba23e8fadc360aed75ce363ba185c49794/out/vs/platform/terminal/node/ptyHostMain.js:15:4066)
    at k.w (/home/ubuntu/.vscode-server/bin/6c3e3dba23e8fadc360aed75ce363ba185c49794/out/vs/platform/terminal/node/ptyHostMain.js:10:1902)
    at k.fire (/home/ubuntu/.vscode-server/bin/6c3e3dba23e8fadc360aed75ce363ba185c49794/out/vs/platform/terminal/node/ptyHostMain.js:10:2119)
    at process.X (/home/ubuntu/.vscode-server/bin/6c3e3dba23e8fadc360aed75ce363ba185c49794/out/vs/platform/terminal/node/ptyHostMain.js:8:27134)
    at process.emit (node:events:513:28)
    at emit (node:internal/child_process:939:14)
    at processTicksAndRejections (node:internal/process/task_queues:84:21)
New EH opened, aborting shutdown
[03:33:43] New EH opened, aborting shutdown
[03:33:44] [127.0.0.1][f8b7e90d][ExtensionHostConnection] <7043> Extension Host Process exited with code: 0, signal: null.
